wizard_launcher.py:50: error: "object" has no attribute "exists"  [attr-defined]
apps/webui-react/tests/api_test_suite.py:115: error: Returning Any from function declared to return "str | None"  [no-any-return]
apps/webui-react/tests/api_test_suite.py:142: error: Module has no attribute "connect"  [attr-defined]
apps/webui-react/tests/api_test_suite.py:196: error: Module has no attribute "connect"  [attr-defined]
apps/webui-react/tests/api_test_suite.py:336: error: Generator has incompatible item type "int"; expected "bool"  [misc]
apps/webui-react/tests/api_test_suite.py:336: error: Item "BaseException" of "Any | BaseException" has no attribute "status"  [union-attr]
apps/webui-react/tests/api_test_suite.py:406: error: Function is missing a return type annotation  [no-untyped-def]
apps/webui-react/tests/api_test_suite.py:406: note: Use "-> None" if function does not return a value
apps/webui-react/tests/api_test_suite.py:445: error: Function is missing a return type annotation  [no-untyped-def]
apps/webui-react/tests/api_test_suite.py:445: note: Use "-> None" if function does not return a value
check_operations.py:7: error: Function is missing a return type annotation  [no-untyped-def]
check_operations.py:7: note: Use "-> None" if function does not return a value
check_collection_status.py:21: error: Function is missing a return type annotation  [no-untyped-def]
check_collection_status.py:69: error: Function is missing a return type annotation  [no-untyped-def]
check_collection_status.py:69: note: Use "-> None" if function does not return a value
check_collection_status.py:91: error: Function is missing a return type annotation  [no-untyped-def]
check_collection_status.py:111: error: Need type annotation for "collection_stats" (hint: "collection_stats: dict[<type>, <type>] = ...")  [var-annotated]
check_collection_status.py:134: error: Function is missing a return type annotation  [no-untyped-def]
check_collection_status.py:134: note: Use "-> None" if function does not return a value
check_collection_status.py:160: error: Function is missing a return type annotation  [no-untyped-def]
check_collection_status.py:160: note: Use "-> None" if function does not return a value
check_collection_status.py:191: error: Function is missing a return type annotation  [no-untyped-def]
check_collection_status.py:191: note: Use "-> None" if function does not return a value
scripts/benchmark_qwen3.py:29: error: Need type annotation for "results" (hint: "results: list[<type>] = ...")  [var-annotated]
scripts/benchmark_qwen3.py:71: error: No return value expected  [return-value]
scripts/benchmark_qwen3.py:130: error: No return value expected  [return-value]
scripts/benchmark_qwen3.py:165: error: "benchmark_embedding_generation" of "SearchBenchmark" does not return a value (it only ever returns None)  [func-returns-value]
scripts/benchmark_qwen3.py:221: error: "compare_search_quality" of "SearchBenchmark" does not return a value (it only ever returns None)  [func-returns-value]
tests/webui/conftest.py:12: error: Function is missing a return type annotation  [no-untyped-def]
tests/webui/conftest.py:24: error: "type[Task[_T_co]]" has no attribute "all_tasks"  [attr-defined]
tests/webui/services/conftest.py:111: error: Function is missing a return type annotation  [no-untyped-def]
tests/webui/services/conftest.py:152: error: Function is missing a return type annotation  [no-untyped-def]
tests/unit/test_qdrant_manager.py:56: error: Function is missing a return type annotation  [no-untyped-def]
tests/unit/test_qdrant_manager.py:56: note: Use "-> None" if function does not return a value
tests/unit/test_qdrant_manager.py:67: error: Function is missing a return type annotation  [no-untyped-def]
tests/unit/test_qdrant_manager.py:67: note: Use "-> None" if function does not return a value
tests/unit/test_qdrant_manager.py:144: error: Function is missing a type annotation for one or more arguments  [no-untyped-def]
tests/unit/test_qdrant_manager.py:164: error: Function is missing a type annotation for one or more arguments  [no-untyped-def]
tests/unit/test_qdrant_manager.py:182: error: Function is missing a type annotation for one or more arguments  [no-untyped-def]
tests/unit/test_qdrant_manager.py:210: error: Function is missing a type annotation for one or more arguments  [no-untyped-def]
tests/unit/test_qdrant_manager.py:230: error: Function is missing a type annotation for one or more arguments  [no-untyped-def]
tests/unit/test_qdrant_manager.py:253: error: Function is missing a type annotation for one or more arguments  [no-untyped-def]
tests/unit/test_qdrant_manager.py:279: error: Function is missing a type annotation for one or more arguments  [no-untyped-def]
tests/unit/test_qdrant_manager.py:298: error: Function is missing a type annotation for one or more arguments  [no-untyped-def]
tests/unit/test_qdrant_manager.py:332: error: Function is missing a type annotation for one or more arguments  [no-untyped-def]
tests/unit/test_operation_repository.py:30: error: Function is missing a type annotation for one or more arguments  [no-untyped-def]
tests/unit/test_operation_repository.py:49: error: Function is missing a type annotation for one or more arguments  [no-untyped-def]
tests/unit/test_operation_repository.py:65: error: Function is missing a type annotation  [no-untyped-def]
tests/unit/test_operation_repository.py:100: error: Function is missing a type annotation  [no-untyped-def]
tests/unit/test_operation_repository.py:113: error: Function is missing a type annotation  [no-untyped-def]
tests/unit/test_operation_repository.py:131: error: Function is missing a type annotation  [no-untyped-def]
tests/unit/test_operation_repository.py:152: error: Function is missing a type annotation  [no-untyped-def]
tests/unit/test_operation_repository.py:175: error: Function is missing a type annotation  [no-untyped-def]
tests/unit/test_operation_repository.py:189: error: Function is missing a type annotation  [no-untyped-def]
tests/unit/test_operation_repository.py:203: error: Function is missing a type annotation  [no-untyped-def]
tests/unit/test_operation_repository.py:217: error: Function is missing a type annotation  [no-untyped-def]
tests/unit/test_operation_repository.py:234: error: Function is missing a type annotation  [no-untyped-def]
tests/unit/test_operation_repository.py:254: error: Function is missing a type annotation  [no-untyped-def]
tests/unit/test_operation_repository.py:270: error: Function is missing a type annotation  [no-untyped-def]
tests/unit/test_operation_repository.py:287: error: Function is missing a type annotation  [no-untyped-def]
tests/unit/test_operation_repository.py:299: error: Function is missing a type annotation  [no-untyped-def]
tests/unit/test_operation_repository.py:319: error: Function is missing a type annotation  [no-untyped-def]
tests/unit/test_operation_repository.py:341: error: Function is missing a type annotation  [no-untyped-def]
tests/unit/test_operation_repository.py:378: error: Function is missing a type annotation  [no-untyped-def]
tests/unit/test_operation_repository.py:419: error: Function is missing a type annotation  [no-untyped-def]
tests/unit/test_operation_repository.py:434: error: Function is missing a type annotation  [no-untyped-def]
tests/unit/test_operation_repository.py:467: error: Function is missing a type annotation  [no-untyped-def]
tests/unit/test_operation_repository.py:482: error: Function is missing a type annotation  [no-untyped-def]
tests/unit/test_operation_repository.py:495: error: Function is missing a type annotation  [no-untyped-def]
tests/unit/test_operation_repository.py:510: error: Function is missing a type annotation  [no-untyped-def]
tests/unit/test_operation_repository.py:523: error: Function is missing a type annotation  [no-untyped-def]
tests/unit/test_models.py:31: error: The return type of a generator function should be "Generator" or one of its supertypes  [misc]
tests/unit/test_models.py:49: error: Function is missing a type annotation for one or more arguments  [no-untyped-def]
tests/unit/test_models.py:70: error: Function is missing a type annotation for one or more arguments  [no-untyped-def]
tests/unit/test_models.py:103: error: Function is missing a type annotation for one or more arguments  [no-untyped-def]
tests/unit/test_models.py:141: error: Function is missing a type annotation for one or more arguments  [no-untyped-def]
tests/unit/test_models.py:168: error: Function is missing a type annotation for one or more arguments  [no-untyped-def]
tests/unit/test_models.py:191: error: Function is missing a type annotation for one or more arguments  [no-untyped-def]
tests/unit/test_models.py:227: error: Function is missing a type annotation for one or more arguments  [no-untyped-def]
tests/unit/test_models.py:266: error: Function is missing a type annotation for one or more arguments  [no-untyped-def]
tests/unit/test_models.py:284: error: Function is missing a type annotation for one or more arguments  [no-untyped-def]
tests/unit/test_models.py:326: error: Function is missing a type annotation for one or more arguments  [no-untyped-def]
tests/unit/test_models.py:358: error: Function is missing a type annotation for one or more arguments  [no-untyped-def]
tests/unit/test_models.py:390: error: Function is missing a type annotation for one or more arguments  [no-untyped-def]
tests/unit/test_document_repository.py:18: error: No return value expected  [return-value]
tests/unit/test_document_repository.py:21: error: Function is missing a type annotation for one or more arguments  [no-untyped-def]
tests/unit/test_document_repository.py:23: error: Returning Any from function declared to return "None"  [no-any-return]
tests/unit/test_document_repository.py:28: error: Returning Any from function declared to return "None"  [no-any-return]
tests/unit/test_document_repository.py:31: error: Function is missing a type annotation  [no-untyped-def]
tests/unit/test_document_repository.py:89: error: Function is missing a type annotation  [no-untyped-def]
tests/unit/test_document_repository.py:135: error: Function is missing a type annotation  [no-untyped-def]
tests/unit/test_document_repository.py:152: error: Function is missing a type annotation  [no-untyped-def]
tests/unit/test_document_repository.py:166: error: Function is missing a type annotation  [no-untyped-def]
tests/unit/test_document_repository.py:184: error: Function is missing a type annotation  [no-untyped-def]
tests/unit/test_document_repository.py:198: error: Function is missing a type annotation  [no-untyped-def]
tests/unit/test_document_repository.py:234: error: Function is missing a type annotation  [no-untyped-def]
tests/unit/test_collection_repository.py:33: error: No return value expected  [return-value]
tests/unit/test_collection_repository.py:36: error: Function is missing a type annotation for one or more arguments  [no-untyped-def]
tests/unit/test_collection_repository.py:38: error: Returning Any from function declared to return "None"  [no-any-return]
tests/unit/test_collection_repository.py:43: error: Returning Any from function declared to return "None"  [no-any-return]
tests/unit/test_collection_repository.py:59: error: Function is missing a type annotation  [no-untyped-def]
tests/unit/test_collection_repository.py:92: error: Function is missing a type annotation  [no-untyped-def]
tests/unit/test_collection_repository.py:106: error: Function is missing a type annotation  [no-untyped-def]
tests/unit/test_collection_repository.py:133: error: Function is missing a type annotation  [no-untyped-def]
tests/unit/test_collection_repository.py:140: error: Argument 3 to "IntegrityError" has incompatible type "str"; expected "BaseException"  [arg-type]
tests/unit/test_collection_repository.py:147: error: Function is missing a type annotation  [no-untyped-def]
tests/unit/test_collection_repository.py:162: error: Function is missing a type annotation  [no-untyped-def]
tests/unit/test_collection_repository.py:176: error: Function is missing a type annotation  [no-untyped-def]
tests/unit/test_collection_repository.py:190: error: Function is missing a type annotation  [no-untyped-def]
tests/unit/test_collection_repository.py:204: error: Function is missing a type annotation  [no-untyped-def]
tests/unit/test_collection_repository.py:219: error: Function is missing a type annotation  [no-untyped-def]
tests/unit/test_collection_repository.py:234: error: Function is missing a type annotation  [no-untyped-def]
tests/unit/test_collection_repository.py:247: error: Function is missing a type annotation  [no-untyped-def]
tests/unit/test_collection_repository.py:269: error: Function is missing a type annotation  [no-untyped-def]
tests/unit/test_collection_repository.py:291: error: Function is missing a type annotation  [no-untyped-def]
tests/unit/test_collection_repository.py:309: error: Function is missing a type annotation  [no-untyped-def]
tests/unit/test_collection_repository.py:321: error: Function is missing a type annotation  [no-untyped-def]
tests/unit/test_collection_repository.py:340: error: Function is missing a type annotation  [no-untyped-def]
tests/unit/test_collection_repository.py:363: error: Function is missing a type annotation  [no-untyped-def]
tests/unit/test_collection_repository.py:384: error: Function is missing a type annotation  [no-untyped-def]
tests/unit/test_collection_repository.py:397: error: Function is missing a type annotation  [no-untyped-def]
tests/unit/test_collection_repository.py:409: error: Function is missing a type annotation  [no-untyped-def]
tests/unit/test_collection_repository.py:427: error: Function is missing a type annotation  [no-untyped-def]
tests/unit/test_collection_repository.py:442: error: Function is missing a type annotation  [no-untyped-def]
tests/unit/test_collection_repository.py:454: error: Function is missing a type annotation  [no-untyped-def]
tests/unit/test_collection_repository.py:467: error: Function is missing a type annotation  [no-untyped-def]
scripts/test_postgres_migration.py:91: error: No return value expected  [return-value]
scripts/test_postgres_migration.py:93: error: No return value expected  [return-value]
scripts/test_postgres_migration.py:97: error: "test_migration" does not return a value (it only ever returns None)  [func-returns-value]
docker_setup_tui.py:1277: error: Incompatible types in assignment (expression has type "CompletedProcess[str]", variable has type "CompletedProcess[bytes]")  [assignment]
docker_setup_tui.py:1282: error: If x = b'abc' then f"{x}" or "{}".format(x) produces "b'abc'", not "abc". If this is desired behavior, use f"{x!r}" or "{!r}".format(x). Otherwise, decode the bytes  [str-bytes-safe]
check_vecpipe_status.py:12: error: Function is missing a return type annotation  [no-untyped-def]
check_vecpipe_status.py:46: error: Function is missing a return type annotation  [no-untyped-def]
check_vecpipe_status.py:46: note: Use "-> None" if function does not return a value
check_vecpipe_status.py:92: error: Function is missing a return type annotation  [no-untyped-def]
check_vecpipe_status.py:92: note: Use "-> None" if function does not return a value
check_vecpipe_status.py:116: error: Function is missing a return type annotation  [no-untyped-def]
check_vecpipe_status.py:116: note: Use "-> None" if function does not return a value
check_vecpipe_status.py:147: error: Function is missing a return type annotation  [no-untyped-def]
check_vecpipe_status.py:147: note: Use "-> None" if function does not return a value
tests/test_contracts.py:20: error: Unexpected keyword argument "k" for "SearchRequest"  [call-arg]
tests/test_contracts.py:28: error: Argument 1 to "SearchRequest" has incompatible type "**dict[str, object]"; expected "str"  [arg-type]
tests/test_contracts.py:28: error: Argument 1 to "SearchRequest" has incompatible type "**dict[str, object]"; expected "int"  [arg-type]
tests/test_contracts.py:28: error: Argument 1 to "SearchRequest" has incompatible type "**dict[str, object]"; expected "str | None"  [arg-type]
tests/test_contracts.py:28: error: Argument 1 to "SearchRequest" has incompatible type "**dict[str, object]"; expected "dict[str, Any] | None"  [arg-type]
tests/test_contracts.py:28: note: "dict" is invariant -- see https://mypy.readthedocs.io/en/stable/common_issues.html#variance
tests/test_contracts.py:28: note: Consider using "Mapping" instead, which is covariant in the value type
tests/test_contracts.py:28: error: Argument 1 to "SearchRequest" has incompatible type "**dict[str, object]"; expected "bool"  [arg-type]
tests/test_contracts.py:28: error: Argument 1 to "SearchRequest" has incompatible type "**dict[str, object]"; expected "float"  [arg-type]
tests/test_contracts.py:36: error: Missing named argument "search_type" for "SearchRequest"  [call-arg]
tests/test_contracts.py:36: error: Missing named argument "model_name" for "SearchRequest"  [call-arg]
tests/test_contracts.py:36: error: Missing named argument "quantization" for "SearchRequest"  [call-arg]
tests/test_contracts.py:36: error: Missing named argument "filters" for "SearchRequest"  [call-arg]
tests/test_contracts.py:36: error: Missing named argument "include_content" for "SearchRequest"  [call-arg]
tests/test_contracts.py:36: error: Missing named argument "collection" for "SearchRequest"  [call-arg]
tests/test_contracts.py:36: error: Missing named argument "operation_uuid" for "SearchRequest"  [call-arg]
tests/test_contracts.py:36: error: Missing named argument "use_reranker" for "SearchRequest"  [call-arg]
tests/test_contracts.py:36: error: Missing named argument "rerank_model" for "SearchRequest"  [call-arg]
tests/test_contracts.py:36: error: Missing named argument "rerank_quantization" for "SearchRequest"  [call-arg]
tests/test_contracts.py:36: error: Missing named argument "score_threshold" for "SearchRequest"  [call-arg]
tests/test_contracts.py:36: error: Missing named argument "hybrid_alpha" for "SearchRequest"  [call-arg]
tests/test_contracts.py:36: error: Missing named argument "hybrid_mode" for "SearchRequest"  [call-arg]
tests/test_contracts.py:36: error: Missing named argument "keyword_mode" for "SearchRequest"  [call-arg]
tests/test_contracts.py:41: error: Missing named argument "search_type" for "SearchRequest"  [call-arg]
tests/test_contracts.py:41: error: Missing named argument "model_name" for "SearchRequest"  [call-arg]
tests/test_contracts.py:41: error: Missing named argument "quantization" for "SearchRequest"  [call-arg]
tests/test_contracts.py:41: error: Missing named argument "filters" for "SearchRequest"  [call-arg]
tests/test_contracts.py:41: error: Missing named argument "include_content" for "SearchRequest"  [call-arg]
tests/test_contracts.py:41: error: Missing named argument "collection" for "SearchRequest"  [call-arg]
tests/test_contracts.py:41: error: Missing named argument "operation_uuid" for "SearchRequest"  [call-arg]
tests/test_contracts.py:41: error: Missing named argument "use_reranker" for "SearchRequest"  [call-arg]
tests/test_contracts.py:41: error: Missing named argument "rerank_model" for "SearchRequest"  [call-arg]
tests/test_contracts.py:41: error: Missing named argument "rerank_quantization" for "SearchRequest"  [call-arg]
tests/test_contracts.py:41: error: Missing named argument "score_threshold" for "SearchRequest"  [call-arg]
tests/test_contracts.py:41: error: Missing named argument "hybrid_alpha" for "SearchRequest"  [call-arg]
tests/test_contracts.py:41: error: Missing named argument "hybrid_mode" for "SearchRequest"  [call-arg]
tests/test_contracts.py:41: error: Missing named argument "keyword_mode" for "SearchRequest"  [call-arg]
tests/test_contracts.py:47: error: Missing named argument "model_name" for "SearchRequest"  [call-arg]
tests/test_contracts.py:47: error: Missing named argument "quantization" for "SearchRequest"  [call-arg]
tests/test_contracts.py:47: error: Missing named argument "filters" for "SearchRequest"  [call-arg]
tests/test_contracts.py:47: error: Missing named argument "include_content" for "SearchRequest"  [call-arg]
tests/test_contracts.py:47: error: Missing named argument "collection" for "SearchRequest"  [call-arg]
tests/test_contracts.py:47: error: Missing named argument "operation_uuid" for "SearchRequest"  [call-arg]
tests/test_contracts.py:47: error: Missing named argument "use_reranker" for "SearchRequest"  [call-arg]
tests/test_contracts.py:47: error: Missing named argument "rerank_model" for "SearchRequest"  [call-arg]
tests/test_contracts.py:47: error: Missing named argument "rerank_quantization" for "SearchRequest"  [call-arg]
tests/test_contracts.py:47: error: Missing named argument "score_threshold" for "SearchRequest"  [call-arg]
tests/test_contracts.py:47: error: Missing named argument "hybrid_alpha" for "SearchRequest"  [call-arg]
tests/test_contracts.py:47: error: Missing named argument "hybrid_mode" for "SearchRequest"  [call-arg]
tests/test_contracts.py:47: error: Missing named argument "keyword_mode" for "SearchRequest"  [call-arg]
tests/test_contracts.py:52: error: Missing named argument "model_name" for "SearchRequest"  [call-arg]
tests/test_contracts.py:52: error: Missing named argument "quantization" for "SearchRequest"  [call-arg]
tests/test_contracts.py:52: error: Missing named argument "filters" for "SearchRequest"  [call-arg]
tests/test_contracts.py:52: error: Missing named argument "include_content" for "SearchRequest"  [call-arg]
tests/test_contracts.py:52: error: Missing named argument "collection" for "SearchRequest"  [call-arg]
tests/test_contracts.py:52: error: Missing named argument "operation_uuid" for "SearchRequest"  [call-arg]
tests/test_contracts.py:52: error: Missing named argument "use_reranker" for "SearchRequest"  [call-arg]
tests/test_contracts.py:52: error: Missing named argument "rerank_model" for "SearchRequest"  [call-arg]
tests/test_contracts.py:52: error: Missing named argument "rerank_quantization" for "SearchRequest"  [call-arg]
tests/test_contracts.py:52: error: Missing named argument "score_threshold" for "SearchRequest"  [call-arg]
tests/test_contracts.py:52: error: Missing named argument "hybrid_alpha" for "SearchRequest"  [call-arg]
tests/test_contracts.py:52: error: Missing named argument "hybrid_mode" for "SearchRequest"  [call-arg]
tests/test_contracts.py:52: error: Missing named argument "keyword_mode" for "SearchRequest"  [call-arg]
tests/test_contracts.py:57: error: Missing named argument "content" for "SearchResult"  [call-arg]
tests/test_contracts.py:57: error: Missing named argument "file_path" for "SearchResult"  [call-arg]
tests/test_contracts.py:57: error: Missing named argument "file_name" for "SearchResult"  [call-arg]
tests/test_contracts.py:57: error: Missing named argument "operation_uuid" for "SearchResult"  [call-arg]
tests/test_contracts.py:68: error: Missing named argument "details" for "ErrorResponse"  [call-arg]
tests/test_contracts.py:68: error: Missing named argument "request_id" for "ErrorResponse"  [call-arg]
tests/test_contracts.py:68: error: Missing named argument "timestamp" for "ErrorResponse"  [call-arg]
tests/test_contracts.py:118: error: Missing named argument "doc_id" for "SearchResult"  [call-arg]
tests/test_contracts.py:118: error: Missing named argument "content" for "SearchResult"  [call-arg]
tests/test_contracts.py:118: error: Missing named argument "file_path" for "SearchResult"  [call-arg]
tests/test_contracts.py:118: error: Missing named argument "file_name" for "SearchResult"  [call-arg]
tests/test_contracts.py:118: error: Missing named argument "operation_uuid" for "SearchResult"  [call-arg]
tests/test_contracts.py:127: error: Missing named argument "doc_id" for "HybridSearchResult"  [call-arg]
tests/test_contracts.py:127: error: Missing named argument "content" for "HybridSearchResult"  [call-arg]
tests/test_contracts.py:131: error: Missing named argument "content" for "HybridSearchResult"  [call-arg]
tests/test_contracts.py:148: error: Missing named argument "model_name" for "BatchSearchRequest"  [call-arg]
tests/test_contracts.py:148: error: Missing named argument "quantization" for "BatchSearchRequest"  [call-arg]
tests/test_contracts.py:148: error: Missing named argument "collection" for "BatchSearchRequest"  [call-arg]
tests/test_contracts.py:154: error: Missing named argument "k" for "BatchSearchRequest"  [call-arg]
tests/test_contracts.py:154: error: Missing named argument "search_type" for "BatchSearchRequest"  [call-arg]
tests/test_contracts.py:154: error: Missing named argument "model_name" for "BatchSearchRequest"  [call-arg]
tests/test_contracts.py:154: error: Missing named argument "quantization" for "BatchSearchRequest"  [call-arg]
tests/test_contracts.py:154: error: Missing named argument "collection" for "BatchSearchRequest"  [call-arg]
tests/test_contracts.py:159: error: Missing named argument "k" for "BatchSearchRequest"  [call-arg]
tests/test_contracts.py:159: error: Missing named argument "search_type" for "BatchSearchRequest"  [call-arg]
tests/test_contracts.py:159: error: Missing named argument "model_name" for "BatchSearchRequest"  [call-arg]
tests/test_contracts.py:159: error: Missing named argument "quantization" for "BatchSearchRequest"  [call-arg]
tests/test_contracts.py:159: error: Missing named argument "collection" for "BatchSearchRequest"  [call-arg]
tests/test_contracts.py:166: error: Missing named argument "operation_uuid" for "HybridSearchRequest"  [call-arg]
tests/test_contracts.py:166: error: Missing named argument "collection" for "HybridSearchRequest"  [call-arg]
tests/test_contracts.py:166: error: Missing named argument "model_name" for "HybridSearchRequest"  [call-arg]
tests/test_contracts.py:166: error: Missing named argument "quantization" for "HybridSearchRequest"  [call-arg]
tests/test_contracts.py:192: error: Missing named argument "content" for "SearchResult"  [call-arg]
tests/test_contracts.py:192: error: Missing named argument "file_path" for "SearchResult"  [call-arg]
tests/test_contracts.py:192: error: Missing named argument "file_name" for "SearchResult"  [call-arg]
tests/test_contracts.py:192: error: Missing named argument "operation_uuid" for "SearchResult"  [call-arg]
tests/test_contracts.py:193: error: Missing named argument "content" for "SearchResult"  [call-arg]
tests/test_contracts.py:193: error: Missing named argument "file_path" for "SearchResult"  [call-arg]
tests/test_contracts.py:193: error: Missing named argument "file_name" for "SearchResult"  [call-arg]
tests/test_contracts.py:193: error: Missing named argument "operation_uuid" for "SearchResult"  [call-arg]
tests/test_contracts.py:230: error: Missing named argument "request_id" for "ValidationErrorResponse"  [call-arg]
tests/test_contracts.py:230: error: Missing named argument "timestamp" for "ValidationErrorResponse"  [call-arg]
tests/test_contracts.py:235: error: Missing named argument "code" for "ErrorDetail"  [call-arg]
tests/test_contracts.py:236: error: Missing named argument "code" for "ErrorDetail"  [call-arg]
tests/test_contracts.py:246: error: Missing named argument "details" for "NotFoundErrorResponse"  [call-arg]
tests/test_contracts.py:246: error: Missing named argument "request_id" for "NotFoundErrorResponse"  [call-arg]
tests/test_contracts.py:246: error: Missing named argument "timestamp" for "NotFoundErrorResponse"  [call-arg]
tests/test_contracts.py:260: error: Missing named argument "details" for "InsufficientResourcesErrorResponse"  [call-arg]
tests/test_contracts.py:260: error: Missing named argument "request_id" for "InsufficientResourcesErrorResponse"  [call-arg]
tests/test_contracts.py:260: error: Missing named argument "timestamp" for "InsufficientResourcesErrorResponse"  [call-arg]
tests/test_contracts.py:279: error: Unexpected keyword argument "operation_id" for "SearchResult"; did you mean "operation_uuid"?  [call-arg]
tests/test_contracts.py:293: error: Missing named argument "content" for "SearchResult"  [call-arg]
tests/test_contracts.py:293: error: Missing named argument "file_path" for "SearchResult"  [call-arg]
tests/test_contracts.py:293: error: Missing named argument "file_name" for "SearchResult"  [call-arg]
tests/test_contracts.py:293: error: Missing named argument "operation_uuid" for "SearchResult"  [call-arg]
tests/test_contracts.py:298: error: Missing named argument "content" for "SearchResult"  [call-arg]
tests/test_contracts.py:298: error: Missing named argument "file_path" for "SearchResult"  [call-arg]
tests/test_contracts.py:298: error: Missing named argument "file_name" for "SearchResult"  [call-arg]
tests/test_contracts.py:298: error: Missing named argument "operation_uuid" for "SearchResult"  [call-arg]
tests/test_contracts.py:306: error: Missing named argument "k" for "BatchSearchRequest"  [call-arg]
tests/test_contracts.py:306: error: Missing named argument "search_type" for "BatchSearchRequest"  [call-arg]
tests/test_contracts.py:306: error: Missing named argument "model_name" for "BatchSearchRequest"  [call-arg]
tests/test_contracts.py:306: error: Missing named argument "quantization" for "BatchSearchRequest"  [call-arg]
tests/test_contracts.py:306: error: Missing named argument "collection" for "BatchSearchRequest"  [call-arg]
tests/test_contracts.py:311: error: Missing named argument "k" for "BatchSearchRequest"  [call-arg]
tests/test_contracts.py:311: error: Missing named argument "search_type" for "BatchSearchRequest"  [call-arg]
tests/test_contracts.py:311: error: Missing named argument "model_name" for "BatchSearchRequest"  [call-arg]
tests/test_contracts.py:311: error: Missing named argument "quantization" for "BatchSearchRequest"  [call-arg]
tests/test_contracts.py:311: error: Missing named argument "collection" for "BatchSearchRequest"  [call-arg]
tests/test_contracts.py:317: error: Missing named argument "details" for "ErrorResponse"  [call-arg]
tests/test_contracts.py:317: error: Missing named argument "status_code" for "ErrorResponse"  [call-arg]
tests/test_contracts.py:328: error: Missing named argument "details" for "ErrorResponse"  [call-arg]
tests/test_contracts.py:328: error: Missing named argument "request_id" for "ErrorResponse"  [call-arg]
tests/test_contracts.py:328: error: Missing named argument "timestamp" for "ErrorResponse"  [call-arg]
tests/test_contracts.py:328: error: Missing named argument "status_code" for "ErrorResponse"  [call-arg]
tests/webui/test_websocket_helpers.py:39: error: Function is missing a type annotation  [no-untyped-def]
tests/webui/test_websocket_helpers.py:47: error: Function is missing a return type annotation  [no-untyped-def]
tests/webui/test_websocket_helpers.py:47: error: Function is missing a type annotation for one or more arguments  [no-untyped-def]
tests/webui/test_websocket_helpers.py:51: error: Function is missing a return type annotation  [no-untyped-def]
tests/webui/test_websocket_helpers.py:51: error: Function is missing a type annotation for one or more arguments  [no-untyped-def]
tests/webui/test_websocket_helpers.py:55: error: Function is missing a return type annotation  [no-untyped-def]
tests/webui/test_websocket_helpers.py:60: error: Function is missing a return type annotation  [no-untyped-def]
tests/webui/test_websocket_helpers.py:60: note: Use "-> None" if function does not return a value
tests/webui/test_websocket_helpers.py:64: error: Incompatible default for argument "message_type" (default has type "None", argument has type "str")  [assignment]
tests/webui/test_websocket_helpers.py:64: note: PEP 484 prohibits implicit Optional. Accordingly, mypy has changed its default to no_implicit_optional=True
tests/webui/test_websocket_helpers.py:64: note: Use https://github.com/hauntsaninja/no_implicit_optional to automatically upgrade your codebase
tests/webui/test_websocket_helpers.py:95: error: Function is missing a type annotation for one or more arguments  [no-untyped-def]
tests/webui/test_websocket_helpers.py:106: error: Function is missing a return type annotation  [no-untyped-def]
tests/webui/test_websocket_helpers.py:121: error: Function is missing a return type annotation  [no-untyped-def]
tests/webui/test_websocket_helpers.py:136: error: Function is missing a return type annotation  [no-untyped-def]
tests/webui/test_websocket_helpers.py:136: note: Use "-> None" if function does not return a value
tests/webui/test_websocket_helpers.py:140: error: Function is missing a return type annotation  [no-untyped-def]
tests/webui/test_websocket_helpers.py:140: note: Use "-> None" if function does not return a value
tests/webui/test_websocket_helpers.py:186: error: Function is missing a return type annotation  [no-untyped-def]
tests/webui/test_websocket_helpers.py:186: error: Function is missing a type annotation for one or more arguments  [no-untyped-def]
tests/webui/test_websocket_helpers.py:186: error: Incompatible default for argument "delays" (default has type "None", argument has type "list[float]")  [assignment]
tests/webui/test_websocket_helpers.py:186: note: PEP 484 prohibits implicit Optional. Accordingly, mypy has changed its default to no_implicit_optional=True
tests/webui/test_websocket_helpers.py:186: note: Use https://github.com/hauntsaninja/no_implicit_optional to automatically upgrade your codebase
tests/webui/test_websocket_helpers.py:224: error: Need type annotation for "counts" (hint: "counts: dict[<type>, <type>] = ...")  [var-annotated]
tests/test_reranker.py:24: error: The return type of a generator function should be "Generator" or one of its supertypes  [misc]
tests/test_reranker.py:31: error: The return type of a generator function should be "Generator" or one of its supertypes  [misc]
tests/test_reranker.py:60: error: Function is missing a type annotation for one or more arguments  [no-untyped-def]
tests/test_reranker.py:64: error: Returning Any from function declared to return "None"  [no-any-return]
tests/test_reranker.py:68: error: Function is missing a type annotation for one or more arguments  [no-untyped-def]
tests/test_reranker.py:71: error: Returning Any from function declared to return "None"  [no-any-return]
tests/test_reranker.py:77: error: No return value expected  [return-value]
tests/test_reranker.py:90: error: Function is missing a type annotation for one or more arguments  [no-untyped-def]
tests/test_reranker.py:108: error: Function is missing a type annotation for one or more arguments  [no-untyped-def]
tests/test_reranker.py:109: error: No return value expected  [return-value]
tests/test_reranker.py:113: error: No return value expected  [return-value]
tests/test_reranker.py:115: error: No return value expected  [return-value]
tests/test_reranker.py:153: error: Function is missing a type annotation for one or more arguments  [no-untyped-def]
tests/test_reranker.py:169: error: Function is missing a type annotation for one or more arguments  [no-untyped-def]
tests/test_reranker.py:178: error: Function is missing a type annotation for one or more arguments  [no-untyped-def]
tests/test_reranker.py:185: error: Function is missing a type annotation for one or more arguments  [no-untyped-def]
tests/test_reranker.py:201: error: Function is missing a type annotation for one or more arguments  [no-untyped-def]
tests/test_reranker.py:214: error: Function is missing a type annotation for one or more arguments  [no-untyped-def]
tests/test_reranker.py:226: error: Function is missing a type annotation for one or more arguments  [no-untyped-def]
tests/test_reranker.py:240: error: Function is missing a type annotation for one or more arguments  [no-untyped-def]
tests/test_reranker.py:252: error: Function is missing a type annotation for one or more arguments  [no-untyped-def]
tests/test_reranker.py:267: error: Function is missing a type annotation for one or more arguments  [no-untyped-def]
tests/test_reranker.py:287: error: Cannot assign to a method  [method-assign]
tests/test_reranker.py:287: error: Cannot infer type of lambda  [misc]
tests/test_reranker.py:287: error: Incompatible types in assignment (expression has type "Callable[[Any, Any], MagicMock]", variable has type "Callable[[SupportsIndex | bool | int | slice[Any, Any, Any] | EllipsisType | Tensor | _NestedSequence[bool | int | slice[Any, Any, Any] | EllipsisType | Tensor | None] | tuple[SupportsIndex | bool | int | slice[Any, Any, Any] | EllipsisType | Tensor | _NestedSequence[bool | int | slice[Any, Any, Any] | EllipsisType | Tensor | None] | None, ...] | None], Tensor]")  [assignment]
tests/test_reranker.py:295: error: Function is missing a type annotation for one or more arguments  [no-untyped-def]
tests/test_reranker.py:302: error: Function is missing a type annotation for one or more arguments  [no-untyped-def]
tests/test_reranker.py:323: error: Cannot assign to a method  [method-assign]
tests/test_reranker.py:323: error: Cannot infer type of lambda  [misc]
tests/test_reranker.py:323: error: Incompatible types in assignment (expression has type "Callable[[Any, Any], MagicMock]", variable has type "Callable[[SupportsIndex | bool | int | slice[Any, Any, Any] | EllipsisType | Tensor | _NestedSequence[bool | int | slice[Any, Any, Any] | EllipsisType | Tensor | None] | tuple[SupportsIndex | bool | int | slice[Any, Any, Any] | EllipsisType | Tensor | _NestedSequence[bool | int | slice[Any, Any, Any] | EllipsisType | Tensor | None] | None, ...] | None], Tensor]")  [assignment]
tests/test_reranker.py:329: error: Function is missing a type annotation for one or more arguments  [no-untyped-def]
tests/test_reranker.py:334: error: Function is missing a type annotation for one or more arguments  [no-untyped-def]
tests/test_reranker.py:346: error: Function is missing a type annotation for one or more arguments  [no-untyped-def]
tests/test_reranker.py:352: error: No return value expected  [return-value]
tests/test_reranker.py:357: error: Function is missing a type annotation for one or more arguments  [no-untyped-def]
tests/test_reranker.py:360: error: No return value expected  [return-value]
tests/test_reranker.py:371: error: Function is missing a type annotation for one or more arguments  [no-untyped-def]
tests/test_reranker.py:373: error: Returning Any from function declared to return "None"  [no-any-return]
tests/test_reranker.py:374: error: No return value expected  [return-value]
tests/test_reranker.py:404: error: Function is missing a type annotation for one or more arguments  [no-untyped-def]
tests/test_reranker.py:413: error: Function is missing a type annotation for one or more arguments  [no-untyped-def]
tests/test_reranker.py:431: error: Function is missing a type annotation for one or more arguments  [no-untyped-def]
tests/test_reranker.py:442: error: Function is missing a type annotation for one or more arguments  [no-untyped-def]
tests/test_reranker.py:447: error: Function is missing a type annotation for one or more arguments  [no-untyped-def]
tests/test_reranker.py:462: error: Function is missing a type annotation for one or more arguments  [no-untyped-def]
tests/test_reranker.py:481: error: Function is missing a type annotation for one or more arguments  [no-untyped-def]
tests/test_reranker.py:514: error: Function is missing a type annotation for one or more arguments  [no-untyped-def]
tests/test_reranker.py:527: error: Function is missing a type annotation for one or more arguments  [no-untyped-def]
tests/test_reranker.py:529: error: Need type annotation for "results_queue"  [var-annotated]
tests/test_reranker.py:531: error: Function is missing a type annotation for one or more arguments  [no-untyped-def]
tests/test_reranker.py:548: error: Function is missing a type annotation for one or more arguments  [no-untyped-def]
tests/test_reranker.py:555: error: Function is missing a type annotation for one or more arguments  [no-untyped-def]
tests/test_reranker.py:562: error: No return value expected  [return-value]
tests/test_reranker.py:605: error: Function is missing a type annotation for one or more arguments  [no-untyped-def]
tests/test_reranker.py:619: error: Function is missing a type annotation for one or more arguments  [no-untyped-def]
tests/test_reranker.py:629: error: Function is missing a type annotation for one or more arguments  [no-untyped-def]
tests/test_reranker.py:643: error: Function is missing a type annotation for one or more arguments  [no-untyped-def]
tests/test_reranker.py:686: error: Function is missing a type annotation for one or more arguments  [no-untyped-def]
tests/test_reranker.py:687: error: Returning Any from function declared to return "None"  [no-any-return]
tests/test_reranker.py:689: error: No return value expected  [return-value]
tests/test_reranker.py:714: error: "create_mock_tokenizer_encode" does not return a value (it only ever returns None)  [func-returns-value]
tests/test_reranker.py:724: error: Function is missing a type annotation for one or more arguments  [no-untyped-def]
tests/test_reranker.py:743: error: Function is missing a type annotation for one or more arguments  [no-untyped-def]
tests/test_reranker.py:766: error: Function is missing a type annotation for one or more arguments  [no-untyped-def]
tests/test_reranker.py:789: error: Function is missing a type annotation for one or more arguments  [no-untyped-def]
tests/test_reranker.py:807: error: Function is missing a type annotation for one or more arguments  [no-untyped-def]
tests/test_reranker.py:818: error: Function is missing a type annotation for one or more arguments  [no-untyped-def]
tests/test_reranker.py:832: error: Function is missing a type annotation for one or more arguments  [no-untyped-def]
tests/test_reranker.py:837: error: Function is missing a type annotation for one or more arguments  [no-untyped-def]
tests/test_reranker.py:839: error: No return value expected  [return-value]
tests/test_reranker.py:851: error: Function is missing a type annotation for one or more arguments  [no-untyped-def]
tests/test_reranker.py:873: error: Function is missing a type annotation for one or more arguments  [no-untyped-def]
tests/test_reranker.py:884: error: Function is missing a type annotation for one or more arguments  [no-untyped-def]
tests/test_reranker.py:886: error: No return value expected  [return-value]
tests/test_reranker.py:891: error: Function is missing a type annotation for one or more arguments  [no-untyped-def]
tests/test_reranker.py:898: error: No return value expected  [return-value]
tests/test_reranker.py:923: error: No return value expected  [return-value]
tests/test_reranker.py:976: error: Function is missing a type annotation for one or more arguments  [no-untyped-def]
manual_embed_collection.py:26: error: Function is missing a type annotation  [no-untyped-def]
manual_embed_collection.py:175: error: Function is missing a type annotation  [no-untyped-def]
manual_embed_collection.py:214: error: Need type annotation for "status_counts" (hint: "status_counts: dict[<type>, <type>] = ...")  [var-annotated]
manual_embed_collection.py:267: error: Function is missing a return type annotation  [no-untyped-def]
manual_embed_collection.py:267: note: Use "-> None" if function does not return a value
tests/test_maintenance_service.py:19: error: No return value expected  [return-value]
tests/test_maintenance_service.py:23: error: Function is missing a type annotation for one or more arguments  [no-untyped-def]
tests/test_maintenance_service.py:31: error: No return value expected  [return-value]
tests/test_maintenance_service.py:39: error: Function is missing a type annotation for one or more arguments  [no-untyped-def]
tests/test_maintenance_service.py:51: error: Function is missing a type annotation for one or more arguments  [no-untyped-def]
tests/test_maintenance_service.py:58: error: Function is missing a type annotation for one or more arguments  [no-untyped-def]
tests/test_maintenance_service.py:81: error: Function is missing a type annotation for one or more arguments  [no-untyped-def]
tests/webui/test_tasks_websocket_integration.py:31: error: Function is missing a return type annotation  [no-untyped-def]
tests/webui/test_tasks_websocket_integration.py:36: error: Function is missing a type annotation  [no-untyped-def]
tests/webui/test_tasks_websocket_integration.py:49: error: Function is missing a type annotation  [no-untyped-def]
tests/webui/test_tasks_websocket_integration.py:53: error: Function is missing a type annotation  [no-untyped-def]
tests/webui/test_tasks_websocket_integration.py:113: error: Function is missing a type annotation  [no-untyped-def]
tests/webui/test_tasks_websocket_integration.py:117: error: Function is missing a type annotation  [no-untyped-def]
tests/webui/test_tasks_websocket_integration.py:176: error: Function is missing a type annotation  [no-untyped-def]
tests/webui/test_tasks_websocket_integration.py:180: error: Function is missing a type annotation  [no-untyped-def]
tests/webui/test_tasks_websocket_integration.py:189: error: Function is missing a type annotation  [no-untyped-def]
tests/webui/test_tasks_websocket_integration.py:193: error: Function is missing a type annotation  [no-untyped-def]
tests/webui/test_tasks_websocket_integration.py:264: error: Function is missing a type annotation  [no-untyped-def]
tests/webui/test_tasks_websocket_integration.py:268: error: Function is missing a type annotation  [no-untyped-def]
tests/webui/test_tasks_websocket_integration.py:292: error: Need type annotation for "collection"  [var-annotated]
tests/webui/test_tasks_websocket_integration.py:317: error: Function is missing a type annotation  [no-untyped-def]
tests/webui/test_tasks_websocket_integration.py:321: error: Function is missing a type annotation  [no-untyped-def]
tests/webui/test_tasks_websocket_integration.py:347: error: Function is missing a return type annotation  [no-untyped-def]
tests/webui/test_tasks_websocket_integration.py:353: error: Function is missing a return type annotation  [no-untyped-def]
tests/webui/test_tasks_websocket_integration.py:359: error: Function is missing a type annotation  [no-untyped-def]
tests/webui/test_tasks_websocket_integration.py:362: error: Function is missing a type annotation  [no-untyped-def]
tests/webui/test_tasks_websocket_integration.py:397: error: Function is missing a return type annotation  [no-untyped-def]
tests/webui/test_tasks_websocket_integration.py:403: error: Function is missing a type annotation  [no-untyped-def]
tests/webui/test_tasks_websocket_integration.py:406: error: Function is missing a type annotation  [no-untyped-def]
tests/webui/test_tasks_websocket_integration.py:442: error: Function is missing a return type annotation  [no-untyped-def]
tests/webui/test_tasks_websocket_integration.py:448: error: Function is missing a type annotation  [no-untyped-def]
tests/webui/test_tasks_websocket_integration.py:451: error: Function is missing a type annotation  [no-untyped-def]
tests/webui/test_tasks_websocket_integration.py:484: error: Function is missing a return type annotation  [no-untyped-def]
tests/webui/test_tasks_websocket_integration.py:496: error: Function is missing a type annotation  [no-untyped-def]
tests/webui/test_tasks_websocket_integration.py:522: error: Function is missing a return type annotation  [no-untyped-def]
tests/webui/test_tasks_websocket_integration.py:534: error: Function is missing a type annotation  [no-untyped-def]
tests/webui/test_tasks_websocket_integration.py:551: error: Function is missing a return type annotation  [no-untyped-def]
tests/webui/test_tasks_websocket_integration.py:566: error: Function is missing a type annotation  [no-untyped-def]
tests/webui/test_tasks_websocket_integration.py:593: error: Function is missing a return type annotation  [no-untyped-def]
tests/webui/test_tasks_websocket_integration.py:601: error: Function is missing a type annotation  [no-untyped-def]
tests/webui/test_tasks_websocket_integration.py:604: error: Function is missing a type annotation  [no-untyped-def]
tests/webui/test_tasks_websocket_integration.py:661: error: Function is missing a return type annotation  [no-untyped-def]
tests/webui/test_tasks_websocket_integration.py:668: error: Function is missing a type annotation  [no-untyped-def]
tests/webui/test_tasks_websocket_integration.py:671: error: Function is missing a type annotation  [no-untyped-def]
tests/webui/test_tasks_helpers_original.py:19: error: Function is missing a return type annotation  [no-untyped-def]
tests/webui/test_tasks_helpers_original.py:28: error: Function is missing a return type annotation  [no-untyped-def]
tests/webui/test_tasks_helpers_original.py:55: error: Function is missing a type annotation  [no-untyped-def]
tests/webui/test_tasks_helpers_original.py:67: error: Function is missing a return type annotation  [no-untyped-def]
tests/webui/test_tasks_helpers_original.py:67: note: Use "-> None" if function does not return a value
tests/webui/test_tasks_helpers_original.py:81: error: Unsupported right operand type for in ("dict[str, Any] | None")  [operator]
tests/webui/test_tasks_helpers_original.py:82: error: Unsupported right operand type for in ("dict[str, Any] | None")  [operator]
tests/webui/test_tasks_helpers_original.py:83: error: Unsupported right operand type for in ("dict[str, Any] | None")  [operator]
tests/webui/test_tasks_helpers_original.py:84: error: Value of type "dict[str, Any] | None" is not indexable  [index]
tests/webui/test_tasks_helpers_original.py:86: error: Function is missing a return type annotation  [no-untyped-def]
tests/webui/test_tasks_helpers_original.py:86: note: Use "-> None" if function does not return a value
tests/webui/test_tasks_helpers_original.py:100: error: Value of type "dict[str, Any] | None" is not indexable  [index]
tests/webui/test_tasks_helpers_original.py:101: error: Value of type "dict[str, Any] | None" is not indexable  [index]
tests/webui/test_tasks_helpers_original.py:102: error: Value of type "dict[str, Any] | None" is not indexable  [index]
tests/webui/test_tasks_helpers_original.py:103: error: Value of type "dict[str, Any] | None" is not indexable  [index]
tests/webui/test_tasks_helpers_original.py:106: error: Value of type "dict[str, Any] | None" is not indexable  [index]
tests/webui/test_tasks_helpers_original.py:107: error: Value of type "dict[str, Any] | None" is not indexable  [index]
tests/webui/test_tasks_helpers_original.py:109: error: Function is missing a return type annotation  [no-untyped-def]
tests/webui/test_tasks_helpers_original.py:109: note: Use "-> None" if function does not return a value
tests/webui/test_tasks_helpers_original.py:114: error: Function is missing a type annotation  [no-untyped-def]
tests/webui/test_tasks_helpers_original.py:131: error: Function is missing a type annotation  [no-untyped-def]
tests/webui/test_tasks_helpers_original.py:140: error: Function is missing a return type annotation  [no-untyped-def]
tests/webui/test_tasks_helpers_original.py:176: error: Function is missing a type annotation  [no-untyped-def]
tests/webui/test_tasks_helpers_original.py:200: error: Function is missing a type annotation  [no-untyped-def]
tests/webui/test_tasks_helpers_original.py:236: error: Function is missing a type annotation  [no-untyped-def]
tests/webui/test_tasks_helpers_original.py:250: error: Function is missing a type annotation  [no-untyped-def]
tests/webui/test_tasks_helpers_original.py:269: error: Function is missing a return type annotation  [no-untyped-def]
tests/webui/test_tasks_helpers_original.py:269: note: Use "-> None" if function does not return a value
tests/webui/test_tasks_helpers_original.py:281: error: Function is missing a type annotation  [no-untyped-def]
tests/webui/test_tasks_helpers_original.py:301: error: Function is missing a type annotation  [no-untyped-def]
tests/webui/test_tasks_helpers_original.py:331: error: Function is missing a type annotation  [no-untyped-def]
tests/webui/test_tasks_helpers_original.py:338: error: Function is missing a type annotation  [no-untyped-def]
tests/webui/test_tasks_helpers_original.py:351: error: Function is missing a type annotation  [no-untyped-def]
tests/webui/test_tasks_helpers_original.py:399: error: Function is missing a type annotation  [no-untyped-def]
tests/webui/test_tasks_helpers_original.py:434: error: Function is missing a type annotation  [no-untyped-def]
tests/webui/test_tasks_helpers_original.py:474: error: Function is missing a type annotation  [no-untyped-def]
tests/webui/test_tasks_helpers_original.py:500: error: Function is missing a type annotation  [no-untyped-def]
tests/webui/test_tasks_helpers_original.py:535: error: Function is missing a return type annotation  [no-untyped-def]
tests/webui/test_tasks_helpers_original.py:535: note: Use "-> None" if function does not return a value
tests/webui/test_tasks_helpers_original.py:544: error: Function is missing a return type annotation  [no-untyped-def]
tests/webui/test_tasks_helpers_original.py:544: note: Use "-> None" if function does not return a value
tests/webui/test_tasks_helpers_original.py:552: error: Function is missing a type annotation  [no-untyped-def]
tests/webui/test_tasks_helpers_original.py:566: error: Function is missing a return type annotation  [no-untyped-def]
tests/webui/test_tasks_helpers_original.py:582: error: Function is missing a type annotation  [no-untyped-def]
tests/webui/test_tasks_helpers_original.py:597: error: Function is missing a return type annotation  [no-untyped-def]
tests/webui/test_tasks_helpers_original.py:604: error: Function is missing a type annotation  [no-untyped-def]
tests/webui/test_tasks_helpers_original.py:620: error: Function is missing a return type annotation  [no-untyped-def]
tests/webui/test_tasks_helpers_original.py:620: note: Use "-> None" if function does not return a value
tests/webui/test_tasks_helpers_original.py:635: error: Function is missing a return type annotation  [no-untyped-def]
tests/webui/test_tasks_helpers_original.py:635: note: Use "-> None" if function does not return a value
tests/webui/test_tasks_helpers_original.py:650: error: Function is missing a type annotation  [no-untyped-def]
tests/webui/test_tasks_helpers_original.py:668: error: Incompatible types in assignment (expression has type "dict[str, None]", target has type "None")  [assignment]
tests/webui/test_tasks_helpers_original.py:687: error: Function is missing a return type annotation  [no-untyped-def]
tests/webui/test_tasks_helpers_original.py:700: error: Function is missing a type annotation  [no-untyped-def]
tests/webui/test_tasks_helpers_original.py:715: error: Function is missing a return type annotation  [no-untyped-def]
tests/webui/test_tasks_helpers_original.py:715: note: Use "-> None" if function does not return a value
tests/webui/test_tasks_helpers_original.py:743: error: Value of type "dict[str, Any] | None" is not indexable  [index]
tests/webui/test_tasks_helpers.py:34: error: Function is missing a return type annotation  [no-untyped-def]
tests/webui/test_tasks_helpers.py:43: error: Function is missing a return type annotation  [no-untyped-def]
tests/webui/test_tasks_helpers.py:50: error: Function is missing a type annotation  [no-untyped-def]
tests/webui/test_tasks_helpers.py:53: error: Function is missing a return type annotation  [no-untyped-def]
tests/webui/test_tasks_helpers.py:56: error: Function is missing a return type annotation  [no-untyped-def]
tests/webui/test_tasks_helpers.py:66: error: Function is missing a type annotation  [no-untyped-def]
tests/webui/test_tasks_helpers.py:78: error: Function is missing a return type annotation  [no-untyped-def]
tests/webui/test_tasks_helpers.py:78: note: Use "-> None" if function does not return a value
tests/webui/test_tasks_helpers.py:92: error: Unsupported right operand type for in ("dict[str, Any] | None")  [operator]
tests/webui/test_tasks_helpers.py:93: error: Unsupported right operand type for in ("dict[str, Any] | None")  [operator]
tests/webui/test_tasks_helpers.py:94: error: Unsupported right operand type for in ("dict[str, Any] | None")  [operator]
tests/webui/test_tasks_helpers.py:95: error: Value of type "dict[str, Any] | None" is not indexable  [index]
tests/webui/test_tasks_helpers.py:97: error: Function is missing a return type annotation  [no-untyped-def]
tests/webui/test_tasks_helpers.py:97: note: Use "-> None" if function does not return a value
tests/webui/test_tasks_helpers.py:111: error: Value of type "dict[str, Any] | None" is not indexable  [index]
tests/webui/test_tasks_helpers.py:112: error: Value of type "dict[str, Any] | None" is not indexable  [index]
tests/webui/test_tasks_helpers.py:113: error: Value of type "dict[str, Any] | None" is not indexable  [index]
tests/webui/test_tasks_helpers.py:114: error: Value of type "dict[str, Any] | None" is not indexable  [index]
tests/webui/test_tasks_helpers.py:117: error: Value of type "dict[str, Any] | None" is not indexable  [index]
tests/webui/test_tasks_helpers.py:118: error: Value of type "dict[str, Any] | None" is not indexable  [index]
tests/webui/test_tasks_helpers.py:120: error: Function is missing a return type annotation  [no-untyped-def]
tests/webui/test_tasks_helpers.py:120: note: Use "-> None" if function does not return a value
tests/webui/test_tasks_helpers.py:125: error: Function is missing a type annotation  [no-untyped-def]
tests/webui/test_tasks_helpers.py:142: error: Function is missing a type annotation  [no-untyped-def]
tests/webui/test_tasks_helpers.py:151: error: Function is missing a return type annotation  [no-untyped-def]
tests/webui/test_tasks_helpers.py:189: error: Function is missing a type annotation  [no-untyped-def]
tests/webui/test_tasks_helpers.py:198: error: Function is missing a return type annotation  [no-untyped-def]
tests/webui/test_tasks_helpers.py:211: error: Function is missing a type annotation  [no-untyped-def]
tests/webui/test_tasks_helpers.py:220: error: Function is missing a return type annotation  [no-untyped-def]
tests/webui/test_tasks_helpers.py:250: error: Function is missing a type annotation  [no-untyped-def]
tests/webui/test_tasks_helpers.py:259: error: Function is missing a return type annotation  [no-untyped-def]
tests/webui/test_tasks_helpers.py:268: error: Function is missing a type annotation  [no-untyped-def]
tests/webui/test_tasks_helpers.py:287: error: Function is missing a return type annotation  [no-untyped-def]
tests/webui/test_tasks_helpers.py:287: note: Use "-> None" if function does not return a value
tests/webui/test_tasks_helpers.py:299: error: Function is missing a type annotation  [no-untyped-def]
tests/webui/test_tasks_helpers.py:308: error: Function is missing a return type annotation  [no-untyped-def]
tests/webui/test_tasks_helpers.py:323: error: Function is missing a type annotation  [no-untyped-def]
tests/webui/test_tasks_helpers.py:354: error: Function is missing a type annotation  [no-untyped-def]
tests/webui/test_tasks_helpers.py:361: error: Function is missing a type annotation  [no-untyped-def]
tests/webui/test_tasks_helpers.py:374: error: Function is missing a type annotation  [no-untyped-def]
tests/webui/test_tasks_helpers.py:383: error: Function is missing a return type annotation  [no-untyped-def]
tests/webui/test_tasks_helpers.py:423: error: Function is missing a type annotation  [no-untyped-def]
tests/webui/test_tasks_helpers.py:432: error: Function is missing a return type annotation  [no-untyped-def]
tests/webui/test_tasks_helpers.py:465: error: Function is missing a type annotation  [no-untyped-def]
tests/webui/test_tasks_helpers.py:474: error: Function is missing a return type annotation  [no-untyped-def]
tests/webui/test_tasks_helpers.py:509: error: Function is missing a type annotation  [no-untyped-def]
tests/webui/test_tasks_helpers.py:518: error: Function is missing a return type annotation  [no-untyped-def]
tests/webui/test_tasks_helpers.py:541: error: Function is missing a type annotation  [no-untyped-def]
tests/webui/test_tasks_helpers.py:552: error: Function is missing a return type annotation  [no-untyped-def]
tests/webui/test_tasks_helpers.py:582: error: Function is missing a return type annotation  [no-untyped-def]
tests/webui/test_tasks_helpers.py:582: note: Use "-> None" if function does not return a value
tests/webui/test_tasks_helpers.py:591: error: Function is missing a return type annotation  [no-untyped-def]
tests/webui/test_tasks_helpers.py:591: note: Use "-> None" if function does not return a value
tests/webui/test_tasks_helpers.py:599: error: Function is missing a type annotation  [no-untyped-def]
tests/webui/test_tasks_helpers.py:613: error: Function is missing a return type annotation  [no-untyped-def]
tests/webui/test_tasks_helpers.py:628: error: Function is missing a type annotation  [no-untyped-def]
tests/webui/test_tasks_helpers.py:644: error: Function is missing a return type annotation  [no-untyped-def]
tests/webui/test_tasks_helpers.py:651: error: Function is missing a type annotation  [no-untyped-def]
tests/webui/test_tasks_helpers.py:667: error: Function is missing a return type annotation  [no-untyped-def]
tests/webui/test_tasks_helpers.py:667: note: Use "-> None" if function does not return a value
tests/webui/test_tasks_helpers.py:682: error: Function is missing a return type annotation  [no-untyped-def]
tests/webui/test_tasks_helpers.py:682: note: Use "-> None" if function does not return a value
tests/webui/test_tasks_helpers.py:697: error: Function is missing a type annotation  [no-untyped-def]
tests/webui/test_tasks_helpers.py:706: error: Function is missing a return type annotation  [no-untyped-def]
tests/webui/test_tasks_helpers.py:718: error: Incompatible types in assignment (expression has type "dict[str, None]", target has type "None")  [assignment]
tests/webui/test_tasks_helpers.py:733: error: Function is missing a return type annotation  [no-untyped-def]
tests/webui/test_tasks_helpers.py:745: error: Function is missing a type annotation  [no-untyped-def]
tests/webui/test_tasks_helpers.py:758: error: Function is missing a return type annotation  [no-untyped-def]
tests/webui/test_tasks_helpers.py:758: note: Use "-> None" if function does not return a value
tests/webui/test_tasks_helpers.py:786: error: Value of type "dict[str, Any] | None" is not indexable  [index]
tests/webui/test_cleanup_tasks.py:23: error: Function is missing a type annotation for one or more arguments  [no-untyped-def]
tests/webui/test_cleanup_tasks.py:74: error: Function is missing a type annotation for one or more arguments  [no-untyped-def]
tests/webui/test_cleanup_tasks.py:115: error: Function is missing a type annotation for one or more arguments  [no-untyped-def]
tests/webui/test_cleanup_tasks.py:153: error: Function is missing a type annotation for one or more arguments  [no-untyped-def]
tests/webui/test_cleanup_tasks.py:199: error: Function is missing a type annotation for one or more arguments  [no-untyped-def]
tests/webui/test_cleanup_tasks.py:219: error: Function is missing a type annotation  [no-untyped-def]
tests/webui/test_cleanup_tasks.py:261: error: Function is missing a return type annotation  [no-untyped-def]
tests/webui/test_cleanup_tasks.py:261: note: Use "-> None" if function does not return a value
tests/webui/test_cleanup_tasks.py:285: error: Function is missing a return type annotation  [no-untyped-def]
tests/webui/test_cleanup_tasks.py:309: error: Function is missing a return type annotation  [no-untyped-def]
tests/webui/test_cleanup_tasks.py:309: note: Use "-> None" if function does not return a value
tests/webui/test_cleanup_tasks.py:318: error: Function is missing a return type annotation  [no-untyped-def]
tests/webui/test_cleanup_tasks.py:337: error: Function is missing a return type annotation  [no-untyped-def]
tests/webui/test_cleanup_tasks.py:337: note: Use "-> None" if function does not return a value
tests/webui/test_celery_tasks.py:45: error: Function is missing a return type annotation  [no-untyped-def]
tests/webui/test_celery_tasks.py:55: error: Function is missing a return type annotation  [no-untyped-def]
tests/webui/test_celery_tasks.py:55: note: Use "-> None" if function does not return a value
tests/webui/test_celery_tasks.py:70: error: Function is missing a return type annotation  [no-untyped-def]
tests/webui/test_celery_tasks.py:70: note: Use "-> None" if function does not return a value
tests/webui/test_celery_tasks.py:91: error: Function is missing a return type annotation  [no-untyped-def]
tests/webui/test_celery_tasks.py:101: error: Function is missing a return type annotation  [no-untyped-def]
tests/webui/test_celery_tasks.py:105: error: Function is missing a type annotation  [no-untyped-def]
tests/webui/test_celery_tasks.py:108: error: Function is missing a type annotation  [no-untyped-def]
tests/webui/test_celery_tasks.py:120: error: Function is missing a type annotation  [no-untyped-def]
tests/webui/test_celery_tasks.py:123: error: Function is missing a type annotation  [no-untyped-def]
tests/webui/test_celery_tasks.py:144: error: Function is missing a type annotation  [no-untyped-def]
tests/webui/test_celery_tasks.py:149: error: Function is missing a type annotation  [no-untyped-def]
tests/webui/test_celery_tasks.py:167: error: Function is missing a return type annotation  [no-untyped-def]
tests/webui/test_celery_tasks.py:175: error: Function is missing a return type annotation  [no-untyped-def]
tests/webui/test_celery_tasks.py:217: error: Function is missing a type annotation  [no-untyped-def]
tests/webui/test_celery_tasks.py:283: error: Function is missing a type annotation  [no-untyped-def]
tests/webui/test_celery_tasks.py:333: error: Function is missing a type annotation  [no-untyped-def]
tests/webui/test_celery_tasks.py:336: error: Function is missing a type annotation  [no-untyped-def]
tests/webui/test_celery_tasks.py:364: error: Function is missing a type annotation  [no-untyped-def]
tests/webui/test_celery_tasks.py:394: error: Function is missing a return type annotation  [no-untyped-def]
tests/webui/test_celery_tasks.py:410: error: Function is missing a type annotation  [no-untyped-def]
tests/webui/test_celery_tasks.py:461: error: Function is missing a type annotation  [no-untyped-def]
tests/webui/test_celery_tasks.py:476: error: Need type annotation for "collection"  [var-annotated]
tests/webui/test_celery_tasks.py:496: error: Function is missing a return type annotation  [no-untyped-def]
tests/webui/test_celery_tasks.py:509: error: Function is missing a return type annotation  [no-untyped-def]
tests/webui/test_celery_tasks.py:527: error: Function is missing a type annotation  [no-untyped-def]
tests/webui/test_celery_tasks.py:547: error: Function is missing a type annotation  [no-untyped-def]
tests/webui/test_celery_tasks.py:552: error: Function is missing a type annotation  [no-untyped-def]
tests/webui/test_celery_tasks.py:644: error: Function is missing a type annotation  [no-untyped-def]
tests/webui/test_celery_tasks.py:667: error: Function is missing a return type annotation  [no-untyped-def]
tests/webui/test_celery_tasks.py:682: error: Function is missing a type annotation  [no-untyped-def]
tests/webui/test_celery_tasks.py:793: error: Function is missing a type annotation  [no-untyped-def]
tests/webui/test_celery_tasks.py:855: error: Function is missing a type annotation  [no-untyped-def]
tests/webui/test_celery_tasks.py:867: error: Function is missing a return type annotation  [no-untyped-def]
tests/webui/test_celery_tasks.py:943: error: Function is missing a type annotation  [no-untyped-def]
tests/webui/test_celery_tasks.py:974: error: Function is missing a return type annotation  [no-untyped-def]
tests/webui/test_celery_tasks.py:1010: error: Function is missing a type annotation  [no-untyped-def]
tests/webui/test_celery_tasks.py:1025: error: Function is missing a type annotation  [no-untyped-def]
tests/webui/test_celery_tasks.py:1040: error: Function is missing a type annotation  [no-untyped-def]
tests/webui/test_celery_tasks.py:1056: error: Function is missing a type annotation  [no-untyped-def]
tests/webui/test_celery_tasks.py:1076: error: Function is missing a type annotation  [no-untyped-def]
tests/webui/test_celery_tasks.py:1080: error: Function is missing a type annotation  [no-untyped-def]
tests/webui/test_celery_tasks.py:1090: error: Need type annotation for "kwargs" (hint: "kwargs: dict[<type>, <type>] = ...")  [var-annotated]
tests/webui/test_celery_tasks.py:1102: error: Function is missing a type annotation  [no-untyped-def]
tests/webui/test_celery_tasks.py:1156: error: Function is missing a type annotation  [no-untyped-def]
tests/webui/test_celery_tasks.py:1205: error: Function is missing a return type annotation  [no-untyped-def]
tests/webui/test_celery_tasks.py:1205: note: Use "-> None" if function does not return a value
tests/webui/test_celery_tasks.py:1229: error: Function is missing a return type annotation  [no-untyped-def]
tests/webui/test_celery_tasks.py:1229: note: Use "-> None" if function does not return a value
tests/webui/test_celery_tasks.py:1259: error: Function is missing a type annotation  [no-untyped-def]
tests/webui/test_celery_tasks.py:1300: error: Function is missing a type annotation  [no-untyped-def]
tests/webui/test_celery_redis_updates.py:24: error: No return value expected  [return-value]
tests/webui/test_celery_redis_updates.py:27: error: Function is missing a type annotation for one or more arguments  [no-untyped-def]
tests/webui/test_celery_redis_updates.py:30: error: Function is missing a type annotation  [no-untyped-def]
tests/webui/test_celery_redis_updates.py:33: error: No return value expected  [return-value]
tests/webui/test_celery_redis_updates.py:38: error: No return value expected  [return-value]
tests/webui/test_celery_redis_updates.py:41: error: Function is missing a type annotation  [no-untyped-def]
tests/webui/test_celery_redis_updates.py:48: error: Function is missing a type annotation  [no-untyped-def]
tests/webui/test_celery_redis_updates.py:64: error: Function is missing a type annotation  [no-untyped-def]
tests/webui/test_celery_redis_updates.py:92: error: Function is missing a type annotation  [no-untyped-def]
tests/webui/test_celery_redis_updates.py:101: error: Function is missing a type annotation  [no-untyped-def]
tests/webui/test_celery_redis_updates.py:113: error: Function is missing a type annotation  [no-untyped-def]
tests/webui/test_celery_redis_updates.py:142: error: Function is missing a type annotation  [no-untyped-def]
tests/webui/test_celery_redis_updates.py:155: error: Function is missing a type annotation  [no-untyped-def]
tests/webui/test_celery_redis_updates.py:161: error: Function is missing a type annotation  [no-untyped-def]
tests/webui/test_celery_redis_updates.py:188: error: Function is missing a type annotation  [no-untyped-def]
tests/webui/test_celery_redis_updates.py:200: error: Function is missing a type annotation  [no-untyped-def]
tests/webui/test_celery_redis_updates.py:224: error: Function is missing a type annotation  [no-untyped-def]
tests/unit/test_model_manager.py:13: error: The return type of a generator function should be "Generator" or one of its supertypes  [misc]
tests/unit/test_model_manager.py:28: error: The return type of a generator function should be "Generator" or one of its supertypes  [misc]
tests/unit/test_model_manager.py:42: error: No return value expected  [return-value]
tests/unit/test_model_manager.py:354: error: Function is missing a return type annotation  [no-untyped-def]
tests/unit/test_ingest_qdrant.py:17: error: Function is missing a type annotation for one or more arguments  [no-untyped-def]
tests/unit/test_ingest_qdrant.py:73: error: Function is missing a type annotation for one or more arguments  [no-untyped-def]
tests/unit/test_ingest_qdrant.py:104: error: Function is missing a type annotation for one or more arguments  [no-untyped-def]
tests/unit/test_ingest_qdrant.py:115: error: Function is missing a type annotation for one or more arguments  [no-untyped-def]
tests/unit/test_ingest_qdrant.py:118: error: No return value expected  [return-value]
tests/unit/test_ingest_qdrant.py:132: error: Function is missing a type annotation for one or more arguments  [no-untyped-def]
tests/unit/test_ingest_qdrant.py:175: error: Function is missing a type annotation for one or more arguments  [no-untyped-def]
tests/unit/test_ingest_qdrant.py:208: error: Function is missing a type annotation for one or more arguments  [no-untyped-def]
tests/unit/test_ingest_qdrant.py:274: error: Function is missing a type annotation for one or more arguments  [no-untyped-def]
tests/unit/test_ingest_qdrant.py:297: error: Function is missing a type annotation for one or more arguments  [no-untyped-def]
tests/integration/test_collection_persistence.py:26: error: No return value expected  [return-value]
tests/integration/test_collection_persistence.py:30: error: Function is missing a type annotation  [no-untyped-def]
tests/integration/test_collection_persistence.py:87: error: Function is missing a type annotation  [no-untyped-def]
tests/integration/test_collection_persistence.py:139: error: Function is missing a return type annotation  [no-untyped-def]
tests/integration/test_collection_persistence.py:139: note: Use "-> None" if function does not return a value
tests/test_reranking_e2e.py:29: error: Function is missing a return type annotation  [no-untyped-def]
tests/test_reranking_e2e.py:29: note: Use "-> None" if function does not return a value
tests/test_reranking_e2e.py:34: error: Unexpected keyword argument "k" for "SearchRequest"  [call-arg]
tests/test_reranking_e2e.py:66: error: Function is missing a return type annotation  [no-untyped-def]
tests/test_reranking_e2e.py:66: note: Use "-> None" if function does not return a value
tests/test_health_endpoints.py:17: error: Function is missing a type annotation  [no-untyped-def]
tests/test_health_endpoints.py:22: error: No return value expected  [return-value]
tests/test_health_endpoints.py:28: error: Function is missing a type annotation for one or more arguments  [no-untyped-def]
tests/test_health_endpoints.py:34: error: Function is missing a type annotation for one or more arguments  [no-untyped-def]
tests/test_health_endpoints.py:41: error: No return value expected  [return-value]
tests/test_health_endpoints.py:43: error: Function is missing a type annotation  [no-untyped-def]
tests/test_health_endpoints.py:54: error: Function is missing a type annotation for one or more arguments  [no-untyped-def]
tests/test_health_endpoints.py:61: error: Function is missing a type annotation  [no-untyped-def]
tests/test_health_endpoints.py:72: error: Function is missing a type annotation for one or more arguments  [no-untyped-def]
tests/test_health_endpoints.py:75: error: Function is missing a type annotation  [no-untyped-def]
tests/test_health_endpoints.py:87: error: Function is missing a type annotation for one or more arguments  [no-untyped-def]
tests/test_health_endpoints.py:93: error: Function is missing a return type annotation  [no-untyped-def]
tests/test_health_endpoints.py:103: error: No return value expected  [return-value]
tests/test_health_endpoints.py:105: error: Function is missing a type annotation  [no-untyped-def]
tests/test_health_endpoints.py:109: error: Function is missing a return type annotation  [no-untyped-def]
tests/test_health_endpoints.py:113: error: Function is missing a return type annotation  [no-untyped-def]
tests/test_health_endpoints.py:138: error: Function is missing a type annotation for one or more arguments  [no-untyped-def]
tests/test_health_endpoints.py:144: error: Function is missing a return type annotation  [no-untyped-def]
tests/test_health_endpoints.py:154: error: No return value expected  [return-value]
tests/test_health_endpoints.py:156: error: Function is missing a type annotation  [no-untyped-def]
tests/test_health_endpoints.py:160: error: Function is missing a return type annotation  [no-untyped-def]
tests/test_health_endpoints.py:164: error: Function is missing a return type annotation  [no-untyped-def]
tests/test_health_endpoints.py:198: error: No return value expected  [return-value]
tests/test_health_endpoints.py:200: error: Function is missing a type annotation for one or more arguments  [no-untyped-def]
tests/test_health_endpoints.py:205: error: Function is missing a type annotation  [no-untyped-def]
tests/test_health_endpoints.py:228: error: Function is missing a type annotation for one or more arguments  [no-untyped-def]
tests/test_health_endpoints.py:237: error: Function is missing a type annotation for one or more arguments  [no-untyped-def]
tests/test_health_endpoints.py:242: error: Function is missing a type annotation  [no-untyped-def]
tests/unit/test_search_api_edge_cases.py:24: error: Function is missing a return type annotation  [no-untyped-def]
tests/unit/test_search_api_edge_cases.py:40: error: Function is missing a return type annotation  [no-untyped-def]
tests/unit/test_search_api_edge_cases.py:51: error: Function is missing a return type annotation  [no-untyped-def]
tests/unit/test_search_api_edge_cases.py:64: error: Function is missing a return type annotation  [no-untyped-def]
tests/unit/test_search_api_edge_cases.py:80: error: Function is missing a return type annotation  [no-untyped-def]
tests/unit/test_search_api_edge_cases.py:110: error: Function is missing a type annotation  [no-untyped-def]
tests/unit/test_search_api_edge_cases.py:145: error: Function is missing a type annotation  [no-untyped-def]
tests/unit/test_search_api_edge_cases.py:224: error: Function is missing a type annotation  [no-untyped-def]
tests/unit/test_search_api_edge_cases.py:257: error: Unexpected keyword argument "k" for "SearchRequest"  [call-arg]
tests/unit/test_search_api_edge_cases.py:270: error: Function is missing a type annotation  [no-untyped-def]
tests/unit/test_search_api_edge_cases.py:316: error: Unexpected keyword argument "k" for "SearchRequest"  [call-arg]
tests/unit/test_search_api_edge_cases.py:328: error: Function is missing a type annotation  [no-untyped-def]
tests/unit/test_search_api_edge_cases.py:347: error: Function is missing a type annotation  [no-untyped-def]
tests/unit/test_search_api_edge_cases.py:364: error: Missing named argument "search_type" for "BatchSearchRequest"  [call-arg]
tests/unit/test_search_api_edge_cases.py:364: error: Missing named argument "model_name" for "BatchSearchRequest"  [call-arg]
tests/unit/test_search_api_edge_cases.py:364: error: Missing named argument "quantization" for "BatchSearchRequest"  [call-arg]
tests/unit/test_search_api_edge_cases.py:364: error: Missing named argument "collection" for "BatchSearchRequest"  [call-arg]
tests/unit/test_search_api_edge_cases.py:372: error: Function is missing a type annotation  [no-untyped-def]
tests/unit/test_search_api_edge_cases.py:395: error: Unexpected keyword argument "k" for "SearchRequest"  [call-arg]
tests/unit/test_search_api_edge_cases.py:402: error: Function is missing a type annotation  [no-untyped-def]
tests/unit/test_search_api_edge_cases.py:415: error: Missing named argument "wait" for "UpsertRequest"  [call-arg]
tests/unit/test_search_api_edge_cases.py:432: error: Function is missing a type annotation  [no-untyped-def]
tests/unit/test_search_api_edge_cases.py:453: error: Unexpected keyword argument "k" for "SearchRequest"  [call-arg]
tests/unit/test_search_api_edge_cases.py:464: error: Function is missing a type annotation  [no-untyped-def]
tests/unit/test_search_api_edge_cases.py:497: error: Unexpected keyword argument "k" for "SearchRequest"  [call-arg]
tests/unit/test_search_api_edge_cases.py:515: error: Function is missing a type annotation  [no-untyped-def]
tests/unit/test_search_api_edge_cases.py:554: error: Unexpected keyword argument "k" for "SearchRequest"  [call-arg]
tests/unit/test_search_api_edge_cases.py:565: error: Function is missing a type annotation  [no-untyped-def]
tests/unit/test_search_api_edge_cases.py:586: error: Unexpected keyword argument "k" for "SearchRequest"  [call-arg]
tests/unit/test_search_api_edge_cases.py:594: error: Function is missing a type annotation  [no-untyped-def]
tests/unit/test_search_api_edge_cases.py:613: error: Function is missing a type annotation  [no-untyped-def]
tests/unit/test_search_api_edge_cases.py:633: error: Unexpected keyword argument "k" for "SearchRequest"  [call-arg]
tests/unit/test_search_api_edge_cases.py:641: error: Function is missing a type annotation  [no-untyped-def]
tests/unit/test_search_api_edge_cases.py:654: error: Function is missing a type annotation  [no-untyped-def]
tests/unit/test_search_api_edge_cases.py:671: error: Function is missing a type annotation  [no-untyped-def]
tests/unit/test_search_api_edge_cases.py:703: error: Function is missing a type annotation  [no-untyped-def]
tests/unit/test_search_api_edge_cases.py:730: error: Unexpected keyword argument "k" for "SearchRequest"  [call-arg]
tests/unit/test_search_api.py:22: error: Function is missing a return type annotation  [no-untyped-def]
tests/unit/test_search_api.py:38: error: Function is missing a return type annotation  [no-untyped-def]
tests/unit/test_search_api.py:49: error: Function is missing a return type annotation  [no-untyped-def]
tests/unit/test_search_api.py:62: error: Function is missing a return type annotation  [no-untyped-def]
tests/unit/test_search_api.py:72: error: Function is missing a type annotation  [no-untyped-def]
tests/unit/test_search_api.py:80: error: Function is missing a return type annotation  [no-untyped-def]
tests/unit/test_search_api.py:110: error: Function is missing a type annotation  [no-untyped-def]
tests/unit/test_search_api.py:140: error: Function is missing a return type annotation  [no-untyped-def]
tests/unit/test_search_api.py:140: note: Use "-> None" if function does not return a value
tests/unit/test_search_api.py:161: error: Function is missing a return type annotation  [no-untyped-def]
tests/unit/test_search_api.py:161: note: Use "-> None" if function does not return a value
tests/unit/test_search_api.py:179: error: Function is missing a type annotation  [no-untyped-def]
tests/unit/test_search_api.py:215: error: Function is missing a type annotation  [no-untyped-def]
tests/unit/test_search_api.py:233: error: Function is missing a type annotation  [no-untyped-def]
tests/unit/test_search_api.py:271: error: Function is missing a type annotation  [no-untyped-def]
tests/unit/test_search_api.py:307: error: Function is missing a type annotation  [no-untyped-def]
tests/unit/test_search_api.py:368: error: Function is missing a type annotation  [no-untyped-def]
tests/unit/test_search_api.py:456: error: Function is missing a type annotation  [no-untyped-def]
tests/unit/test_search_api.py:494: error: Function is missing a type annotation  [no-untyped-def]
tests/unit/test_search_api.py:532: error: Function is missing a type annotation  [no-untyped-def]
tests/unit/test_search_api.py:556: error: Function is missing a type annotation  [no-untyped-def]
tests/unit/test_search_api.py:581: error: Function is missing a type annotation  [no-untyped-def]
tests/unit/test_search_api.py:595: error: Function is missing a type annotation  [no-untyped-def]
tests/unit/test_search_api.py:611: error: Function is missing a type annotation  [no-untyped-def]
tests/unit/test_search_api.py:637: error: Function is missing a type annotation  [no-untyped-def]
tests/unit/test_search_api.py:656: error: Function is missing a type annotation  [no-untyped-def]
tests/unit/test_search_api.py:672: error: Function is missing a type annotation  [no-untyped-def]
tests/unit/test_search_api.py:713: error: Function is missing a type annotation  [no-untyped-def]
tests/unit/test_search_api.py:725: error: Missing named argument "wait" for "UpsertRequest"  [call-arg]
tests/unit/test_search_api.py:741: error: Function is missing a type annotation  [no-untyped-def]
tests/unit/test_search_api.py:775: error: Function is missing a type annotation  [no-untyped-def]
tests/unit/test_search_api.py:805: error: Function is missing a type annotation  [no-untyped-def]
tests/unit/test_search_api.py:848: error: Function is missing a type annotation  [no-untyped-def]
tests/unit/test_search_api.py:897: error: Function is missing a type annotation  [no-untyped-def]
tests/unit/test_search_api.py:909: error: Function is missing a type annotation  [no-untyped-def]
tests/unit/test_search_api.py:923: error: Function is missing a type annotation  [no-untyped-def]
tests/unit/test_search_api.py:938: error: Function is missing a type annotation  [no-untyped-def]
tests/integration/test_search_api_integration.py:31: error: The return type of a generator function should be "Generator" or one of its supertypes  [misc]
tests/integration/test_search_api_integration.py:64: error: Function is missing a type annotation for one or more arguments  [no-untyped-def]
tests/integration/test_search_api_integration.py:90: error: Function is missing a type annotation  [no-untyped-def]
tests/integration/test_search_api_integration.py:220: error: Function is missing a type annotation for one or more arguments  [no-untyped-def]
tests/integration/test_search_api_integration.py:245: error: Function is missing a type annotation  [no-untyped-def]
tests/integration/test_search_api_embedding_flow.py:95: error: Function is missing a type annotation for one or more arguments  [no-untyped-def]
test_async_fixes.py:8: error: Function is missing a return type annotation  [no-untyped-def]
test_async_fixes.py:8: note: Use "-> None" if function does not return a value
test_async_fixes.py:25: error: Function is missing a return type annotation  [no-untyped-def]
test_async_fixes.py:25: note: Use "-> None" if function does not return a value
test_async_fixes.py:54: error: Function is missing a return type annotation  [no-untyped-def]
test_async_fixes.py:54: note: Use "-> None" if function does not return a value
create_superuser.py:26: error: Function is missing a return type annotation  [no-untyped-def]
create_superuser.py:46: error: Incompatible types in assignment (expression has type "bool", variable has type "Column[bool]")  [assignment]
create_superuser.py:47: error: Incompatible types in assignment (expression has type "datetime", variable has type "Column[datetime]")  [assignment]
create_superuser.py:78: error: Function is missing a return type annotation  [no-untyped-def]
create_superuser.py:78: note: Use "-> None" if function does not return a value
tests/test_internal_api.py:51: error: The return type of a generator function should be "Generator" or one of its supertypes  [misc]
tests/test_internal_api.py:51: error: Function is missing a type annotation for one or more arguments  [no-untyped-def]
tests/test_internal_api.py:76: error: Function is missing a type annotation for one or more arguments  [no-untyped-def]
tests/test_internal_api.py:105: error: Function is missing a type annotation for one or more arguments  [no-untyped-def]
tests/test_internal_api.py:126: error: Function is missing a type annotation for one or more arguments  [no-untyped-def]
tests/test_internal_api.py:148: error: Function is missing a return type annotation  [no-untyped-def]
tests/test_internal_api.py:148: note: Use "-> None" if function does not return a value
tests/test_document_api.py:14: error: The return type of a generator function should be "Generator" or one of its supertypes  [misc]
tests/test_document_api.py:24: error: No return value expected  [return-value]
tests/test_document_api.py:32: error: No return value expected  [return-value]
tests/test_document_api.py:36: error: The return type of a generator function should be "Generator" or one of its supertypes  [misc]
tests/test_document_api.py:36: error: Function is missing a type annotation for one or more arguments  [no-untyped-def]
tests/test_document_api.py:47: error: Function is missing a return type annotation  [no-untyped-def]
tests/test_document_api.py:55: error: Function is missing a return type annotation  [no-untyped-def]
tests/test_document_api.py:55: error: Function is missing a type annotation for one or more arguments  [no-untyped-def]
tests/test_document_api.py:65: error: Function is missing a return type annotation  [no-untyped-def]
tests/test_document_api.py:86: error: Function is missing a type annotation for one or more arguments  [no-untyped-def]
tests/conftest.py:27: error: The return type of a generator function should be "Generator" or one of its supertypes  [misc]
tests/conftest.py:27: error: Function is missing a type annotation for one or more arguments  [no-untyped-def]
tests/conftest.py:33: error: Function is missing a return type annotation  [no-untyped-def]
tests/conftest.py:54: error: No return value expected  [return-value]
tests/conftest.py:58: error: The return type of a generator function should be "Generator" or one of its supertypes  [misc]
tests/conftest.py:58: error: Function is missing a type annotation for one or more arguments  [no-untyped-def]
tests/conftest.py:74: error: Function is missing a return type annotation  [no-untyped-def]
tests/conftest.py:97: error: No return value expected  [return-value]
tests/conftest.py:105: error: No return value expected  [return-value]
tests/conftest.py:116: error: Function is missing a type annotation for one or more arguments  [no-untyped-def]
tests/conftest.py:121: error: No return value expected  [return-value]
tests/conftest.py:125: error: Function is missing a type annotation for one or more arguments  [no-untyped-def]
tests/conftest.py:127: error: Returning Any from function declared to return "None"  [no-any-return]
tests/conftest.py:131: error: Function is missing a type annotation  [no-untyped-def]
tests/conftest.py:137: error: Function is missing a return type annotation  [no-untyped-def]
tests/conftest.py:149: error: Function is missing a type annotation for one or more arguments  [no-untyped-def]
tests/conftest.py:153: error: Returning Any from function declared to return "None"  [no-any-return]
tests/conftest.py:162: error: No return value expected  [return-value]
tests/conftest.py:173: error: Function is missing a type annotation for one or more arguments  [no-untyped-def]
tests/conftest.py:176: error: Function is missing a type annotation  [no-untyped-def]
tests/conftest.py:179: error: No return value expected  [return-value]
tests/conftest.py:186: error: "create_async_mock" does not return a value (it only ever returns None)  [func-returns-value]
tests/conftest.py:187: error: "create_async_mock" does not return a value (it only ever returns None)  [func-returns-value]
tests/conftest.py:188: error: "create_async_mock" does not return a value (it only ever returns None)  [func-returns-value]
tests/conftest.py:189: error: "create_async_mock" does not return a value (it only ever returns None)  [func-returns-value]
tests/conftest.py:190: error: "create_async_mock" does not return a value (it only ever returns None)  [func-returns-value]
tests/conftest.py:191: error: "create_async_mock" does not return a value (it only ever returns None)  [func-returns-value]
tests/conftest.py:192: error: No return value expected  [return-value]
tests/conftest.py:199: error: "create_async_mock" does not return a value (it only ever returns None)  [func-returns-value]
tests/conftest.py:200: error: "create_async_mock" does not return a value (it only ever returns None)  [func-returns-value]
tests/conftest.py:201: error: "create_async_mock" does not return a value (it only ever returns None)  [func-returns-value]
tests/conftest.py:202: error: "create_async_mock" does not return a value (it only ever returns None)  [func-returns-value]
tests/conftest.py:203: error: "create_async_mock" does not return a value (it only ever returns None)  [func-returns-value]
tests/conftest.py:204: error: No return value expected  [return-value]
tests/conftest.py:211: error: "create_async_mock" does not return a value (it only ever returns None)  [func-returns-value]
tests/conftest.py:212: error: "create_async_mock" does not return a value (it only ever returns None)  [func-returns-value]
tests/conftest.py:213: error: "create_async_mock" does not return a value (it only ever returns None)  [func-returns-value]
tests/conftest.py:214: error: "create_async_mock" does not return a value (it only ever returns None)  [func-returns-value]
tests/conftest.py:215: error: No return value expected  [return-value]
tests/conftest.py:226: error: Need type annotation for "streams" (hint: "streams: dict[<type>, <type>] = ...")  [var-annotated]
tests/conftest.py:227: error: Need type annotation for "consumer_groups" (hint: "consumer_groups: dict[<type>, <type>] = ...")  [var-annotated]
tests/conftest.py:232: error: Function is missing a type annotation  [no-untyped-def]
tests/conftest.py:247: error: Function is missing a type annotation  [no-untyped-def]
tests/conftest.py:257: error: Function is missing a type annotation  [no-untyped-def]
tests/conftest.py:262: error: Function is missing a type annotation  [no-untyped-def]
tests/conftest.py:320: error: No return value expected  [return-value]
tests/conftest.py:334: error: No return value expected  [return-value]
tests/conftest.py:338: error: Function is missing a type annotation for one or more arguments  [no-untyped-def]
tests/conftest.py:344: error: No return value expected  [return-value]
tests/conftest.py:348: error: Function is missing a type annotation for one or more arguments  [no-untyped-def]
tests/conftest.py:352: error: Returning Any from function declared to return "None"  [no-any-return]
tests/webui/test_websocket_manager.py:34: error: Function is missing a return type annotation  [no-untyped-def]
tests/webui/test_websocket_manager.py:34: note: Use "-> None" if function does not return a value
tests/webui/test_websocket_manager.py:43: error: "type[Task[_T_co]]" has no attribute "all_tasks"  [attr-defined]
tests/webui/test_websocket_manager.py:54: error: Function is missing a return type annotation  [no-untyped-def]
tests/webui/test_websocket_manager.py:81: error: Function is missing a return type annotation  [no-untyped-def]
tests/webui/test_websocket_manager.py:90: error: Function is missing a return type annotation  [no-untyped-def]
tests/webui/test_websocket_manager.py:130: error: Function is missing a type annotation  [no-untyped-def]
tests/webui/test_websocket_manager.py:134: error: Function is missing a type annotation  [no-untyped-def]
tests/webui/test_websocket_manager.py:144: error: Function is missing a type annotation  [no-untyped-def]
tests/webui/test_websocket_manager.py:148: error: Function is missing a type annotation  [no-untyped-def]
tests/webui/test_websocket_manager.py:167: error: Function is missing a type annotation  [no-untyped-def]
tests/webui/test_websocket_manager.py:178: error: Function is missing a type annotation  [no-untyped-def]
tests/webui/test_websocket_manager.py:186: error: Function is missing a return type annotation  [no-untyped-def]
tests/webui/test_websocket_manager.py:186: note: Use "-> None" if function does not return a value
tests/webui/test_websocket_manager.py:201: error: Function is missing a type annotation  [no-untyped-def]
tests/webui/test_websocket_manager.py:231: error: Function is missing a type annotation  [no-untyped-def]
tests/webui/test_websocket_manager.py:253: error: Function is missing a type annotation  [no-untyped-def]
tests/webui/test_websocket_manager.py:265: error: Function is missing a type annotation  [no-untyped-def]
tests/webui/test_websocket_manager.py:271: error: Function is missing a return type annotation  [no-untyped-def]
tests/webui/test_websocket_manager.py:271: note: Use "-> None" if function does not return a value
tests/webui/test_websocket_manager.py:287: error: Function is missing a type annotation  [no-untyped-def]
tests/webui/test_websocket_manager.py:312: error: Function is missing a type annotation  [no-untyped-def]
tests/webui/test_websocket_manager.py:327: error: Function is missing a type annotation  [no-untyped-def]
tests/webui/test_websocket_manager.py:377: error: Function is missing a type annotation  [no-untyped-def]
tests/webui/test_websocket_manager.py:412: error: Function is missing a type annotation  [no-untyped-def]
tests/webui/test_websocket_manager.py:432: error: Function is missing a type annotation  [no-untyped-def]
tests/webui/test_websocket_manager.py:452: error: Function is missing a type annotation  [no-untyped-def]
tests/webui/test_websocket_manager.py:470: error: Function is missing a type annotation  [no-untyped-def]
tests/webui/test_websocket_manager.py:478: error: Function is missing a type annotation  [no-untyped-def]
tests/webui/test_websocket_manager.py:505: error: Function is missing a type annotation  [no-untyped-def]
tests/webui/test_websocket_manager.py:510: error: Function is missing a type annotation  [no-untyped-def]
tests/webui/test_websocket_manager.py:518: error: Function is missing a return type annotation  [no-untyped-def]
tests/webui/test_websocket_manager.py:518: note: Use "-> None" if function does not return a value
tests/webui/test_websocket_manager.py:530: error: Function is missing a type annotation  [no-untyped-def]
tests/webui/test_websocket_manager.py:585: error: Function is missing a type annotation  [no-untyped-def]
tests/webui/test_websocket_manager.py:590: error: Function is missing a type annotation  [no-untyped-def]
tests/webui/test_websocket_manager.py:607: error: Function is missing a type annotation  [no-untyped-def]
tests/webui/test_websocket_manager.py:612: error: Function is missing a type annotation  [no-untyped-def]
tests/webui/test_websocket_manager.py:626: error: Function is missing a type annotation  [no-untyped-def]
tests/webui/test_websocket_manager.py:644: error: Function is missing a type annotation  [no-untyped-def]
tests/webui/test_websocket_manager.py:670: error: Function is missing a type annotation  [no-untyped-def]
tests/webui/test_websocket_manager.py:685: error: Function is missing a type annotation  [no-untyped-def]
tests/webui/test_websocket_manager.py:726: error: Function is missing a type annotation  [no-untyped-def]
tests/webui/test_websocket_manager.py:730: error: Function is missing a return type annotation  [no-untyped-def]
tests/webui/test_websocket_manager.py:736: error: Function is missing a type annotation  [no-untyped-def]
tests/webui/test_websocket_manager.py:774: error: Function is missing a type annotation  [no-untyped-def]
tests/webui/test_websocket_manager.py:786: error: Function is missing a type annotation  [no-untyped-def]
tests/webui/test_websocket_manager.py:815: error: Function is missing a type annotation  [no-untyped-def]
tests/webui/test_websocket_manager.py:837: error: Function is missing a type annotation  [no-untyped-def]
tests/webui/test_websocket_manager.py:851: error: Function is missing a type annotation  [no-untyped-def]
tests/webui/test_websocket_manager.py:870: error: Function is missing a type annotation  [no-untyped-def]
tests/webui/test_websocket_manager.py:882: error: Function is missing a type annotation  [no-untyped-def]
tests/webui/test_websocket_manager.py:892: error: Function is missing a return type annotation  [no-untyped-def]
tests/webui/test_websocket_manager.py:902: error: Function is missing a return type annotation  [no-untyped-def]
tests/webui/test_websocket_manager.py:902: note: Use "-> None" if function does not return a value
tests/webui/test_websocket_manager.py:916: error: Function is missing a type annotation  [no-untyped-def]
tests/webui/test_websocket_manager.py:919: error: Function is missing a type annotation  [no-untyped-def]
tests/webui/test_websocket_manager.py:937: error: Function is missing a type annotation  [no-untyped-def]
tests/webui/test_websocket_manager.py:946: error: Function is missing a type annotation  [no-untyped-def]
tests/webui/test_websocket_manager.py:957: error: Function is missing a type annotation  [no-untyped-def]
tests/webui/test_websocket_manager.py:967: error: Function is missing a type annotation  [no-untyped-def]
tests/webui/test_websocket_manager.py:982: error: Function is missing a type annotation  [no-untyped-def]
tests/webui/test_websocket_manager.py:1011: error: Function is missing a type annotation  [no-untyped-def]
tests/webui/test_websocket_manager.py:1014: error: Function is missing a type annotation  [no-untyped-def]
tests/webui/test_websocket_manager.py:1025: error: Function is missing a return type annotation  [no-untyped-def]
tests/webui/test_websocket_manager.py:1075: error: Function is missing a return type annotation  [no-untyped-def]
tests/webui/test_websocket_manager.py:1075: note: Use "-> None" if function does not return a value
tests/webui/test_websocket_manager.py:1084: error: Function is missing a return type annotation  [no-untyped-def]
tests/webui/test_websocket_manager.py:1084: note: Use "-> None" if function does not return a value
tests/webui/test_websocket_example.py:21: error: Function is missing a return type annotation  [no-untyped-def]
tests/webui/test_websocket_example.py:21: note: Use "-> None" if function does not return a value
tests/webui/test_websocket_example.py:43: error: Function is missing a type annotation  [no-untyped-def]
tests/webui/test_websocket_example.py:77: error: Function is missing a type annotation  [no-untyped-def]
tests/webui/test_websocket_basic.py:14: error: Function is missing a return type annotation  [no-untyped-def]
tests/webui/test_websocket_basic.py:14: note: Use "-> None" if function does not return a value
tests/webui/test_websocket_basic.py:24: error: Function is missing a return type annotation  [no-untyped-def]
tests/webui/test_websocket_basic.py:24: note: Use "-> None" if function does not return a value
tests/webui/test_websocket_basic.py:46: error: Function is missing a return type annotation  [no-untyped-def]
tests/webui/test_websocket_basic.py:46: note: Use "-> None" if function does not return a value
tests/webui/test_websocket_basic.py:69: error: Function is missing a return type annotation  [no-untyped-def]
tests/webui/test_websocket_basic.py:69: note: Use "-> None" if function does not return a value
tests/webui/test_cors_configuration.py:57: error: Function is missing a type annotation for one or more arguments  [no-untyped-def]
tests/webui/test_cors_configuration.py:78: error: Function is missing a type annotation for one or more arguments  [no-untyped-def]
tests/webui/test_cors_configuration.py:104: error: Function is missing a type annotation for one or more arguments  [no-untyped-def]
tests/webui/test_cors_configuration.py:122: error: Function is missing a type annotation for one or more arguments  [no-untyped-def]
tests/webui/test_cors_configuration.py:146: error: Function is missing a type annotation for one or more arguments  [no-untyped-def]
tests/webui/services/test_search_service.py:232: error: Unsupported right operand type for in ("str | None")  [operator]
tests/webui/services/test_search_service.py:299: error: Unsupported right operand type for in ("str | None")  [operator]
tests/webui/services/test_search_service.py:356: error: Unsupported right operand type for in ("str | None")  [operator]
tests/webui/services/test_search_service.py:377: error: Unsupported right operand type for in ("str | None")  [operator]
tests/webui/services/test_search_service.py:398: error: Unsupported right operand type for in ("str | None")  [operator]
tests/webui/services/test_search_service.py:823: error: Incompatible types in assignment (expression has type "ExceptionInfo[AccessDeniedError]", variable has type "ExceptionInfo[EntityNotFoundError]")  [assignment]
tests/webui/services/test_search_service.py:997: error: Unsupported right operand type for in ("str | None")  [operator]
tests/webui/services/test_search_service.py:998: error: Unsupported right operand type for in ("str | None")  [operator]
tests/webui/services/test_directory_scan_service.py:28: error: The return type of a generator function should be "Generator" or one of its supertypes  [misc]
tests/webui/services/test_directory_scan_service.py:253: error: Function is missing a type annotation  [no-untyped-def]
tests/webui/api/v2/test_search.py:118: error: No overload variant of "__getitem__" of "list" matches argument type "str"  [call-overload]
tests/webui/api/v2/test_search.py:118: note: Possible overload variants:
tests/webui/api/v2/test_search.py:118: note:     def __getitem__(self, SupportsIndex, /) -> dict[str, Any]
tests/webui/api/v2/test_search.py:118: note:     def __getitem__(self, slice[Any, Any, Any], /) -> list[dict[str, Any]]
tests/webui/api/v2/test_search.py:119: error: No overload variant of "__getitem__" of "list" matches argument type "str"  [call-overload]
tests/webui/api/v2/test_search.py:119: note: Possible overload variants:
tests/webui/api/v2/test_search.py:119: note:     def __getitem__(self, SupportsIndex, /) -> dict[str, Any]
tests/webui/api/v2/test_search.py:119: note:     def __getitem__(self, slice[Any, Any, Any], /) -> list[dict[str, Any]]
tests/webui/api/v2/test_search.py:120: error: No overload variant of "__getitem__" of "list" matches argument type "str"  [call-overload]
tests/webui/api/v2/test_search.py:120: note: Possible overload variants:
tests/webui/api/v2/test_search.py:120: note:     def __getitem__(self, SupportsIndex, /) -> dict[str, Any]
tests/webui/api/v2/test_search.py:120: note:     def __getitem__(self, slice[Any, Any, Any], /) -> list[dict[str, Any]]
tests/webui/api/v2/test_search.py:130: error: No overload variant of "__getitem__" of "list" matches argument type "str"  [call-overload]
tests/webui/api/v2/test_search.py:130: note: Possible overload variants:
tests/webui/api/v2/test_search.py:130: note:     def __getitem__(self, SupportsIndex, /) -> dict[str, Any]
tests/webui/api/v2/test_search.py:130: note:     def __getitem__(self, slice[Any, Any, Any], /) -> list[dict[str, Any]]
tests/webui/api/v2/test_search.py:131: error: No overload variant of "__getitem__" of "list" matches argument type "str"  [call-overload]
tests/webui/api/v2/test_search.py:131: note: Possible overload variants:
tests/webui/api/v2/test_search.py:131: note:     def __getitem__(self, SupportsIndex, /) -> dict[str, Any]
tests/webui/api/v2/test_search.py:131: note:     def __getitem__(self, slice[Any, Any, Any], /) -> list[dict[str, Any]]
tests/webui/api/v2/test_search.py:132: error: No overload variant of "__getitem__" of "list" matches argument type "str"  [call-overload]
tests/webui/api/v2/test_search.py:132: note: Possible overload variants:
tests/webui/api/v2/test_search.py:132: note:     def __getitem__(self, SupportsIndex, /) -> dict[str, Any]
tests/webui/api/v2/test_search.py:132: note:     def __getitem__(self, slice[Any, Any, Any], /) -> list[dict[str, Any]]
tests/webui/api/v2/test_search.py:168: error: Function is missing a type annotation  [no-untyped-def]
tests/webui/api/v2/test_search.py:232: error: Function is missing a type annotation  [no-untyped-def]
tests/webui/api/v2/test_search.py:315: error: Function is missing a type annotation  [no-untyped-def]
tests/webui/api/v2/test_search.py:389: error: Function is missing a type annotation  [no-untyped-def]
tests/webui/api/v2/test_search.py:478: error: Function is missing a type annotation  [no-untyped-def]
tests/webui/api/v2/test_search.py:555: error: Function is missing a type annotation  [no-untyped-def]
tests/webui/api/v2/test_search.py:616: error: Function is missing a type annotation  [no-untyped-def]
tests/webui/api/v2/test_search.py:675: error: Function is missing a type annotation  [no-untyped-def]
tests/webui/api/v2/test_search.py:686: error: Missing named argument "metadata_filter" for "SingleCollectionSearchRequest"  [call-arg]
tests/webui/api/v2/test_search.py:708: error: Function is missing a type annotation  [no-untyped-def]
tests/webui/api/v2/test_search.py:719: error: Missing named argument "metadata_filter" for "SingleCollectionSearchRequest"  [call-arg]
tests/webui/api/v2/test_search.py:740: error: Function is missing a type annotation  [no-untyped-def]
tests/webui/api/v2/test_search.py:751: error: Missing named argument "metadata_filter" for "SingleCollectionSearchRequest"  [call-arg]
tests/webui/api/v2/test_search.py:774: error: Function is missing a type annotation  [no-untyped-def]
tests/webui/api/v2/test_search.py:786: error: Missing named argument "rerank_model" for "CollectionSearchRequest"  [call-arg]
tests/webui/api/v2/test_search.py:786: error: Missing named argument "metadata_filter" for "CollectionSearchRequest"  [call-arg]
tests/webui/api/v2/test_search.py:815: error: Function is missing a type annotation  [no-untyped-def]
tests/webui/api/v2/test_search.py:827: error: Missing named argument "rerank_model" for "CollectionSearchRequest"  [call-arg]
tests/webui/api/v2/test_search.py:873: error: Function is missing a type annotation  [no-untyped-def]
tests/webui/api/v2/test_search.py:885: error: Missing named argument "rerank_model" for "CollectionSearchRequest"  [call-arg]
tests/webui/api/v2/test_search.py:885: error: Missing named argument "metadata_filter" for "CollectionSearchRequest"  [call-arg]
tests/webui/api/v2/test_search.py:928: error: Function is missing a type annotation  [no-untyped-def]
tests/webui/api/v2/test_search.py:939: error: Missing named argument "rerank_model" for "CollectionSearchRequest"  [call-arg]
tests/webui/api/v2/test_search.py:939: error: Missing named argument "metadata_filter" for "CollectionSearchRequest"  [call-arg]
tests/webui/api/v2/test_search.py:985: error: Function is missing a type annotation  [no-untyped-def]
tests/webui/api/v2/test_search.py:996: error: Missing named argument "rerank_model" for "CollectionSearchRequest"  [call-arg]
tests/webui/api/v2/test_search.py:996: error: Missing named argument "metadata_filter" for "CollectionSearchRequest"  [call-arg]
tests/webui/api/v2/test_search.py:1017: error: Function is missing a type annotation  [no-untyped-def]
tests/webui/api/v2/test_search.py:1028: error: Missing named argument "rerank_model" for "CollectionSearchRequest"  [call-arg]
tests/webui/api/v2/test_search.py:1028: error: Missing named argument "metadata_filter" for "CollectionSearchRequest"  [call-arg]
tests/webui/api/v2/test_search.py:1051: error: Function is missing a type annotation  [no-untyped-def]
tests/webui/api/v2/test_search.py:1062: error: Missing named argument "rerank_model" for "CollectionSearchRequest"  [call-arg]
tests/webui/api/v2/test_search.py:1062: error: Missing named argument "metadata_filter" for "CollectionSearchRequest"  [call-arg]
tests/webui/api/v2/test_search.py:1112: error: Function is missing a type annotation  [no-untyped-def]
tests/webui/api/v2/test_search.py:1123: error: Missing named argument "rerank_model" for "CollectionSearchRequest"  [call-arg]
tests/webui/api/v2/test_search.py:1123: error: Missing named argument "metadata_filter" for "CollectionSearchRequest"  [call-arg]
tests/webui/api/v2/test_search.py:1168: error: Function is missing a return type annotation  [no-untyped-def]
tests/webui/api/v2/test_search.py:1168: note: Use "-> None" if function does not return a value
tests/webui/api/v2/test_search.py:1171: error: Missing named argument "rerank_model" for "CollectionSearchRequest"  [call-arg]
tests/webui/api/v2/test_search.py:1171: error: Missing named argument "metadata_filter" for "CollectionSearchRequest"  [call-arg]
tests/webui/api/v2/test_search.py:1177: error: Function is missing a return type annotation  [no-untyped-def]
tests/webui/api/v2/test_search.py:1177: note: Use "-> None" if function does not return a value
tests/webui/api/v2/test_search.py:1180: error: Missing named argument "rerank_model" for "CollectionSearchRequest"  [call-arg]
tests/webui/api/v2/test_search.py:1180: error: Missing named argument "metadata_filter" for "CollectionSearchRequest"  [call-arg]
tests/webui/api/v2/test_search.py:1186: error: Function is missing a return type annotation  [no-untyped-def]
tests/webui/api/v2/test_search.py:1186: note: Use "-> None" if function does not return a value
tests/webui/api/v2/test_search.py:1194: error: Missing named argument "rerank_model" for "CollectionSearchRequest"  [call-arg]
tests/webui/api/v2/test_search.py:1194: error: Missing named argument "metadata_filter" for "CollectionSearchRequest"  [call-arg]
tests/webui/api/v2/test_search.py:1200: error: Function is missing a return type annotation  [no-untyped-def]
tests/webui/api/v2/test_search.py:1200: note: Use "-> None" if function does not return a value
tests/webui/api/v2/test_search.py:1208: error: Missing named argument "rerank_model" for "CollectionSearchRequest"  [call-arg]
tests/webui/api/v2/test_search.py:1208: error: Missing named argument "metadata_filter" for "CollectionSearchRequest"  [call-arg]
tests/webui/api/v2/test_search.py:1216: error: Missing named argument "rerank_model" for "CollectionSearchRequest"  [call-arg]
tests/webui/api/v2/test_search.py:1216: error: Missing named argument "metadata_filter" for "CollectionSearchRequest"  [call-arg]
tests/webui/api/v2/test_search.py:1222: error: Function is missing a return type annotation  [no-untyped-def]
tests/webui/api/v2/test_search.py:1222: note: Use "-> None" if function does not return a value
tests/webui/api/v2/test_search.py:1230: error: Missing named argument "rerank_model" for "CollectionSearchRequest"  [call-arg]
tests/webui/api/v2/test_search.py:1230: error: Missing named argument "metadata_filter" for "CollectionSearchRequest"  [call-arg]
tests/webui/api/v2/test_search.py:1238: error: Missing named argument "rerank_model" for "CollectionSearchRequest"  [call-arg]
tests/webui/api/v2/test_search.py:1238: error: Missing named argument "metadata_filter" for "CollectionSearchRequest"  [call-arg]
tests/webui/api/v2/test_search.py:1244: error: Function is missing a return type annotation  [no-untyped-def]
tests/webui/api/v2/test_search.py:1244: note: Use "-> None" if function does not return a value
tests/webui/api/v2/test_search.py:1252: error: Missing named argument "rerank_model" for "CollectionSearchRequest"  [call-arg]
tests/webui/api/v2/test_search.py:1252: error: Missing named argument "metadata_filter" for "CollectionSearchRequest"  [call-arg]
tests/webui/api/v2/test_search.py:1261: error: Missing named argument "rerank_model" for "CollectionSearchRequest"  [call-arg]
tests/webui/api/v2/test_search.py:1261: error: Missing named argument "metadata_filter" for "CollectionSearchRequest"  [call-arg]
tests/webui/api/v2/test_search.py:1268: error: Function is missing a return type annotation  [no-untyped-def]
tests/webui/api/v2/test_search.py:1268: note: Use "-> None" if function does not return a value
tests/webui/api/v2/test_search.py:1276: error: Missing named argument "rerank_model" for "CollectionSearchRequest"  [call-arg]
tests/webui/api/v2/test_search.py:1276: error: Missing named argument "metadata_filter" for "CollectionSearchRequest"  [call-arg]
tests/webui/api/v2/test_search.py:1285: error: Missing named argument "rerank_model" for "CollectionSearchRequest"  [call-arg]
tests/webui/api/v2/test_search.py:1285: error: Missing named argument "metadata_filter" for "CollectionSearchRequest"  [call-arg]
tests/webui/api/v2/test_search.py:1297: error: Function is missing a type annotation  [no-untyped-def]
tests/webui/api/v2/test_search.py:1308: error: Missing named argument "rerank_model" for "CollectionSearchRequest"  [call-arg]
tests/webui/api/v2/test_search.py:1308: error: Missing named argument "metadata_filter" for "CollectionSearchRequest"  [call-arg]
tests/webui/api/v2/test_search.py:1338: error: Function is missing a type annotation  [no-untyped-def]
tests/webui/api/v2/test_search.py:1349: error: Missing named argument "rerank_model" for "CollectionSearchRequest"  [call-arg]
tests/webui/api/v2/test_search.py:1349: error: Missing named argument "metadata_filter" for "CollectionSearchRequest"  [call-arg]
tests/webui/api/v2/test_search.py:1420: error: Function is missing a type annotation  [no-untyped-def]
tests/webui/api/v2/test_search.py:1431: error: Missing named argument "rerank_model" for "CollectionSearchRequest"  [call-arg]
tests/webui/api/v2/test_search.py:1431: error: Missing named argument "metadata_filter" for "CollectionSearchRequest"  [call-arg]
tests/webui/api/v2/test_search.py:1477: error: Function is missing a type annotation  [no-untyped-def]
tests/webui/api/v2/test_search.py:1524: error: Function is missing a type annotation  [no-untyped-def]
tests/webui/api/v2/test_search.py:1535: error: Missing named argument "rerank_model" for "CollectionSearchRequest"  [call-arg]
tests/webui/api/v2/test_search.py:1535: error: Missing named argument "metadata_filter" for "CollectionSearchRequest"  [call-arg]
tests/webui/api/v2/test_documents.py:25: error: No return value expected  [return-value]
tests/webui/api/v2/test_documents.py:35: error: No return value expected  [return-value]
tests/webui/api/v2/test_documents.py:48: error: No return value expected  [return-value]
tests/webui/api/v2/test_documents.py:52: error: The return type of a generator function should be "Generator" or one of its supertypes  [misc]
tests/webui/api/v2/test_documents.py:68: error: Function is missing a type annotation  [no-untyped-def]
tests/webui/api/v2/test_documents.py:94: error: Function is missing a type annotation  [no-untyped-def]
tests/webui/api/v2/test_documents.py:116: error: Function is missing a type annotation  [no-untyped-def]
tests/webui/api/v2/test_documents.py:141: error: Function is missing a type annotation  [no-untyped-def]
tests/webui/api/v2/test_documents.py:166: error: Function is missing a type annotation  [no-untyped-def]
tests/webui/api/v2/test_documents.py:192: error: Function is missing a type annotation  [no-untyped-def]
tests/webui/api/v2/test_documents.py:228: error: Function is missing a type annotation  [no-untyped-def]
tests/webui/api/v2/test_documents.py:250: error: Function is missing a type annotation  [no-untyped-def]
tests/webui/api/v2/test_directory_scan.py:261: error: Function is missing a type annotation for one or more arguments  [no-untyped-def]
tests/webui/api/v2/test_collections.py:66: error: The return type of a generator function should be "Generator" or one of its supertypes  [misc]
tests/webui/api/v2/test_collections.py:514: error: Unpacked dict entry 1 has incompatible type "Collection[str]"; expected "SupportsKeysAndGetItem[str, Collection[str]]"  [dict-item]
tests/integration/test_websockets.py:28: error: Function is missing a type annotation  [no-untyped-def]
tests/integration/test_websockets.py:32: error: No return value expected  [return-value]
tests/integration/test_websockets.py:40: error: Need type annotation for "published_messages" (hint: "published_messages: list[<type>] = ...")  [var-annotated]
tests/integration/test_websockets.py:41: error: Need type annotation for "subscriptions" (hint: "subscriptions: dict[<type>, <type>] = ...")  [var-annotated]
tests/integration/test_websockets.py:43: error: Function is missing a type annotation  [no-untyped-def]
tests/integration/test_websockets.py:50: error: Function is missing a type annotation  [no-untyped-def]
tests/integration/test_websockets.py:54: error: Function is missing a type annotation for one or more arguments  [no-untyped-def]
tests/integration/test_websockets.py:59: error: No return value expected  [return-value]
tests/integration/test_websockets.py:62: error: Function is missing a type annotation  [no-untyped-def]
tests/integration/test_websockets.py:92: error: Function is missing a return type annotation  [no-untyped-def]
tests/integration/test_websocket_redis_integration.py:17: error: Function is missing a type annotation for one or more arguments  [no-untyped-def]
tests/integration/test_websocket_redis_integration.py:41: error: Function is missing a type annotation  [no-untyped-def]
tests/integration/test_websocket_redis_integration.py:54: error: Need type annotation for "streams" (hint: "streams: dict[<type>, <type>] = ...")  [var-annotated]
tests/integration/test_websocket_redis_integration.py:55: error: Need type annotation for "consumer_groups" (hint: "consumer_groups: dict[<type>, <type>] = ...")  [var-annotated]
tests/integration/test_websocket_redis_integration.py:57: error: Need type annotation for "pending_messages" (hint: "pending_messages: dict[<type>, <type>] = ...")  [var-annotated]
tests/integration/test_websocket_redis_integration.py:59: error: Function is missing a return type annotation  [no-untyped-def]
tests/integration/test_websocket_redis_integration.py:64: error: Function is missing a type annotation  [no-untyped-def]
tests/integration/test_websocket_redis_integration.py:81: error: Function is missing a type annotation  [no-untyped-def]
tests/integration/test_websocket_redis_integration.py:85: error: Function is missing a type annotation  [no-untyped-def]
tests/integration/test_websocket_redis_integration.py:95: error: Function is missing a type annotation  [no-untyped-def]
tests/integration/test_websocket_redis_integration.py:100: error: Function is missing a type annotation  [no-untyped-def]
tests/integration/test_websocket_redis_integration.py:142: error: Function is missing a type annotation  [no-untyped-def]
tests/integration/test_websocket_redis_integration.py:146: error: Function is missing a type annotation  [no-untyped-def]
tests/integration/test_websocket_redis_integration.py:149: error: Function is missing a type annotation  [no-untyped-def]
tests/integration/test_websocket_redis_integration.py:154: error: Function is missing a type annotation  [no-untyped-def]
tests/integration/test_websocket_redis_integration.py:159: error: Function is missing a type annotation  [no-untyped-def]
tests/integration/test_websocket_redis_integration.py:163: error: Function is missing a type annotation  [no-untyped-def]
tests/integration/test_websocket_redis_integration.py:168: error: Function is missing a return type annotation  [no-untyped-def]
tests/integration/test_websocket_redis_integration.py:168: note: Use "-> None" if function does not return a value
tests/integration/test_websocket_redis_integration.py:171: error: No return value expected  [return-value]
tests/integration/test_websocket_redis_integration.py:177: error: Function is missing a type annotation for one or more arguments  [no-untyped-def]
tests/integration/test_websocket_redis_integration.py:186: error: Need type annotation for "received_messages" (hint: "received_messages: list[<type>] = ...")  [var-annotated]
tests/integration/test_websocket_redis_integration.py:190: error: Function is missing a type annotation  [no-untyped-def]
tests/integration/test_websocket_redis_integration.py:195: error: No return value expected  [return-value]
tests/integration/test_websocket_redis_integration.py:197: error: No return value expected  [return-value]
tests/integration/test_websocket_redis_integration.py:200: error: Function is missing a type annotation  [no-untyped-def]
tests/integration/test_websocket_redis_integration.py:205: error: Function is missing a type annotation  [no-untyped-def]
tests/integration/test_websocket_redis_integration.py:242: error: Function is missing a type annotation  [no-untyped-def]
tests/integration/test_websocket_redis_integration.py:288: error: Function is missing a type annotation  [no-untyped-def]
tests/integration/test_websocket_redis_integration.py:292: error: Function is missing a type annotation  [no-untyped-def]
tests/integration/test_websocket_redis_integration.py:353: error: Function is missing a type annotation  [no-untyped-def]
tests/integration/test_websocket_redis_integration.py:357: error: Function is missing a type annotation  [no-untyped-def]
tests/integration/test_websocket_redis_integration.py:416: error: Function is missing a type annotation  [no-untyped-def]
tests/integration/test_websocket_redis_integration.py:422: error: Function is missing a type annotation  [no-untyped-def]
tests/integration/test_websocket_redis_integration.py:488: error: Function is missing a type annotation  [no-untyped-def]
tests/integration/test_websocket_redis_integration.py:492: error: Function is missing a type annotation  [no-untyped-def]
tests/integration/test_websocket_redis_integration.py:514: error: Function is missing a type annotation  [no-untyped-def]
tests/integration/test_websocket_redis_integration.py:599: error: Function is missing a type annotation  [no-untyped-def]
tests/integration/test_websocket_redis_integration.py:603: error: Function is missing a type annotation  [no-untyped-def]
tests/integration/test_websocket_redis_integration.py:650: error: Function is missing a type annotation  [no-untyped-def]
tests/integration/test_websocket_redis_integration.py:654: error: Function is missing a type annotation  [no-untyped-def]
tests/integration/test_search_reranking_integration.py:107: error: "Callable[[MutableMapping[str, Any], Callable[[], Awaitable[MutableMapping[str, Any]]], Callable[[MutableMapping[str, Any]], Awaitable[None]]], Awaitable[None]]" has no attribute "dependency_overrides"  [attr-defined]
tests/integration/test_search_reranking_integration.py:173: error: "Callable[[MutableMapping[str, Any], Callable[[], Awaitable[MutableMapping[str, Any]]], Callable[[MutableMapping[str, Any]], Awaitable[None]]], Awaitable[None]]" has no attribute "dependency_overrides"  [attr-defined]
tests/integration/test_search_reranking_integration.py:255: error: "Callable[[MutableMapping[str, Any], Callable[[], Awaitable[MutableMapping[str, Any]]], Callable[[MutableMapping[str, Any]], Awaitable[None]]], Awaitable[None]]" has no attribute "dependency_overrides"  [attr-defined]
tests/integration/test_search_reranking_integration.py:328: error: "Callable[[MutableMapping[str, Any], Callable[[], Awaitable[MutableMapping[str, Any]]], Callable[[MutableMapping[str, Any]], Awaitable[None]]], Awaitable[None]]" has no attribute "dependency_overrides"  [attr-defined]
tests/integration/test_search_reranking_integration.py:380: error: "Callable[[MutableMapping[str, Any], Callable[[], Awaitable[MutableMapping[str, Any]]], Callable[[MutableMapping[str, Any]], Awaitable[None]]], Awaitable[None]]" has no attribute "dependency_overrides"  [attr-defined]
tests/integration/test_auth_api.py:22: error: Need type annotation for "users_db" (hint: "users_db: dict[<type>, <type>] = ...")  [var-annotated]
tests/integration/test_auth_api.py:24: error: Function is missing a type annotation  [no-untyped-def]
tests/integration/test_auth_api.py:67: error: Function is missing a return type annotation  [no-untyped-def]
tests/integration/test_auth_api.py:70: error: Function is missing a return type annotation  [no-untyped-def]
tests/integration/test_auth_api.py:73: error: Function is missing a return type annotation  [no-untyped-def]
tests/integration/test_auth_api.py:75: error: "dict[str, Any]" has no attribute "id"  [attr-defined]
tests/integration/test_auth_api.py:79: error: Function is missing a return type annotation  [no-untyped-def]
tests/integration/test_auth_api.py:101: error: No return value expected  [return-value]
tests/integration/test_auth_api.py:105: error: The return type of a generator function should be "Generator" or one of its supertypes  [misc]
tests/integration/test_auth_api.py:105: error: Function is missing a type annotation for one or more arguments  [no-untyped-def]
tests/integration/test_auth_api.py:126: error: Function is missing a return type annotation  [no-untyped-def]
tests/integration/test_auth_api.py:140: error: Function is missing a type annotation for one or more arguments  [no-untyped-def]
tests/integration/test_auth_api.py:170: error: Function is missing a type annotation for one or more arguments  [no-untyped-def]
tests/integration/test_auth_api.py:209: error: Function is missing a type annotation for one or more arguments  [no-untyped-def]
tests/integration/test_auth_api.py:244: error: Function is missing a type annotation for one or more arguments  [no-untyped-def]
tests/integration/test_auth_api.py:274: error: Function is missing a type annotation for one or more arguments  [no-untyped-def]
tests/test_embedding_context_managers.py:19: error: Function is missing a type annotation for one or more arguments  [no-untyped-def]
tests/test_embedding_context_managers.py:29: error: Function is missing a return type annotation  [no-untyped-def]
tests/test_embedding_context_managers.py:29: error: Function is missing a type annotation for one or more arguments  [no-untyped-def]
tests/test_embedding_context_managers.py:31: error: Incompatible types in assignment (expression has type "str", variable has type "None")  [assignment]
tests/test_embedding_context_managers.py:34: error: Function is missing a return type annotation  [no-untyped-def]
tests/test_embedding_context_managers.py:34: error: Function is missing a type annotation for one or more arguments  [no-untyped-def]
tests/test_embedding_context_managers.py:37: error: Function is missing a return type annotation  [no-untyped-def]
tests/test_embedding_context_managers.py:37: error: Function is missing a type annotation for one or more arguments  [no-untyped-def]
tests/test_embedding_context_managers.py:46: error: Function is missing a return type annotation  [no-untyped-def]
tests/test_embedding_context_managers.py:46: note: Use "-> None" if function does not return a value
tests/test_embedding_context_managers.py:55: error: Function is missing a return type annotation  [no-untyped-def]
tests/test_embedding_context_managers.py:55: note: Use "-> None" if function does not return a value
tests/test_embedding_context_managers.py:69: error: Function is missing a return type annotation  [no-untyped-def]
tests/test_embedding_context_managers.py:69: note: Use "-> None" if function does not return a value
tests/test_embedding_context_managers.py:84: error: Function is missing a return type annotation  [no-untyped-def]
tests/test_embedding_context_managers.py:84: note: Use "-> None" if function does not return a value
tests/test_embedding_context_managers.py:87: error: Cannot assign to a method  [method-assign]
tests/test_embedding_context_managers.py:102: error: Function is missing a return type annotation  [no-untyped-def]
tests/test_embedding_context_managers.py:102: note: Use "-> None" if function does not return a value
tests/test_embedding_context_managers.py:105: error: "BaseEmbeddingService" has no attribute "initialize_called"  [attr-defined]
tests/test_embedding_context_managers.py:106: error: "BaseEmbeddingService" has no attribute "model_name"  [attr-defined]
tests/test_embedding_context_managers.py:110: error: "BaseEmbeddingService" has no attribute "cleanup_called"  [attr-defined]
tests/test_embedding_context_managers.py:113: error: Function is missing a return type annotation  [no-untyped-def]
tests/test_embedding_context_managers.py:113: note: Use "-> None" if function does not return a value
tests/test_embedding_context_managers.py:118: error: "BaseEmbeddingService" has no attribute "model_name"  [attr-defined]
tests/test_embedding_context_managers.py:121: error: Function is missing a return type annotation  [no-untyped-def]
tests/test_embedding_context_managers.py:121: note: Use "-> None" if function does not return a value
tests/test_embedding_context_managers.py:128: error: "BaseEmbeddingService" has no attribute "cleanup_called"  [attr-defined]
tests/test_embedding_context_managers.py:135: error: Function is missing a return type annotation  [no-untyped-def]
tests/test_embedding_context_managers.py:135: note: Use "-> None" if function does not return a value
tests/test_embedding_context_managers.py:161: error: Function is missing a return type annotation  [no-untyped-def]
tests/test_embedding_context_managers.py:161: note: Use "-> None" if function does not return a value
tests/test_embedding_context_managers.py:174: error: Function is missing a return type annotation  [no-untyped-def]
tests/test_embedding_context_managers.py:174: note: Use "-> None" if function does not return a value
tests/test_embedding_context_managers.py:186: error: Function is missing a return type annotation  [no-untyped-def]
tests/test_embedding_context_managers.py:186: note: Use "-> None" if function does not return a value
tests/test_embedding_context_managers.py:189: error: Cannot assign to a method  [method-assign]
tests/test_embedding_context_managers.py:201: error: Function is missing a return type annotation  [no-untyped-def]
tests/test_embedding_context_managers.py:204: error: Function is missing a return type annotation  [no-untyped-def]
tests/test_embedding_context_managers.py:220: error: Function is missing a return type annotation  [no-untyped-def]
tests/test_embedding_context_managers.py:220: note: Use "-> None" if function does not return a value
tests/test_embedding_context_managers.py:231: error: "BaseEmbeddingService" has no attribute "model_name"  [attr-defined]
tests/test_embedding_context_managers.py:234: error: "BaseEmbeddingService" has no attribute "cleanup_called"  [attr-defined]
tests/test_embedding_context_managers.py:235: error: "BaseEmbeddingService" has no attribute "cleanup_called"  [attr-defined]
tests/test_embedding_context_managers.py:238: error: "BaseEmbeddingService" has no attribute "cleanup_called"  [attr-defined]
tests/test_embedding_service_simple.py:17: error: Function is missing a type annotation for one or more arguments  [no-untyped-def]
tests/test_embedding_service_simple.py:33: error: Function is missing a type annotation for one or more arguments  [no-untyped-def]
tests/test_embedding_integration.py:19: error: Function is missing a type annotation for one or more arguments  [no-untyped-def]
tests/test_embedding_integration.py:44: error: Function is missing a type annotation for one or more arguments  [no-untyped-def]
tests/test_embedding_integration.py:48: error: No return value expected  [return-value]
tests/test_embedding_integration.py:48: error: "BaseEmbeddingService" has no attribute "device"  [attr-defined]
tests/test_embedding_integration.py:50: error: No return value expected  [return-value]
tests/test_embedding_integration.py:59: error: Unsupported right operand type for in ("None")  [operator]
tests/test_embedding_integration.py:61: error: "None" has no attribute "lower"  [attr-defined]
tests/test_embedding_integration.py:83: error: Function is missing a type annotation for one or more arguments  [no-untyped-def]
tests/test_embedding_integration.py:89: error: Function is missing a return type annotation  [no-untyped-def]
tests/test_embedding_integration.py:89: note: Use "-> None" if function does not return a value
tests/test_embedding_full_integration.py:127: error: Argument 1 to "generate_embeddings" of "EmbeddingService" has incompatible type "list[Collection[str]]"; expected "list[str]"  [arg-type]
tests/test_embedding_full_integration.py:219: error: Function is missing a return type annotation  [no-untyped-def]
tests/test_embedding_full_integration.py:219: note: Use "-> None" if function does not return a value
Found 1092 errors in 58 files (checked 201 source files)
